\BOOKMARK [1][-]{section.1}{\376\377\000C\000a\000p\000\355\000t\000u\000l\000o\000\040\0001\000:\000\040\000L\000a\000\040\000i\000n\000d\000u\000s\000t\000r\000i\000a\000\040\000-\000\040\000o\000r\000i\000g\000e\000n\000e\000s}{}% 1
\BOOKMARK [2][-]{subsection.1.1}{\376\377\000O\000r\000g\000a\000n\000i\000z\000a\000c\000i\000\363\000n\000\040\000e\000m\000p\000r\000e\000s\000a\000r\000i\000a\000l\000\040\000e\000\040\000i\000n\000d\000u\000s\000t\000r\000i\000a\000l}{section.1}% 2
\BOOKMARK [2][-]{subsection.1.2}{\376\377\000P\000r\000o\000d\000u\000c\000t\000o}{section.1}% 3
\BOOKMARK [2][-]{subsection.1.3}{\376\377\000C\000a\000l\000i\000d\000a\000d}{section.1}% 4
\BOOKMARK [2][-]{subsection.1.4}{\376\377\000C\000i\000c\000l\000o\000\040\000d\000e\000\040\000D\000e\000m\000i\000n\000g}{section.1}% 5
\BOOKMARK [2][-]{subsection.1.5}{\376\377\000L\000a\000s\000\040\000t\000r\000e\000s\000\040\000o\000l\000a\000s\000\040\000d\000e\000\040\000A\000l\000v\000i\000n\000\040\000T\000o\000f\000f\000l\000e\000r}{section.1}% 6
\BOOKMARK [2][-]{subsection.1.6}{\376\377\000E\000v\000o\000l\000u\000c\000i\000\363\000n\000\040\000d\000e\000\040\000l\000a\000\040\000I\000n\000d\000u\000s\000t\000r\000i\000a}{section.1}% 7
\BOOKMARK [2][-]{subsection.1.7}{\376\377\000I\000n\000d\000u\000s\000t\000r\000i\000a\000\040\0004\000.\0000}{section.1}% 8
\BOOKMARK [1][-]{section.2}{\376\377\000C\000a\000p\000i\000t\000u\000l\000o\000\040\0002\000:\000\040\000O\000r\000g\000a\000n\000i\000z\000a\000c\000i\000\363\000n\000\040\000d\000e\000\040\000l\000a\000\040\000i\000n\000d\000u\000s\000t\000r\000i\000a}{}% 9
\BOOKMARK [2][-]{subsection.2.1}{\376\377\000P\000r\000e\000c\000u\000r\000s\000o\000r\000e\000s}{section.2}% 10
\BOOKMARK [3][-]{subsubsection.2.1.1}{\376\377\000L\000a\000\040\000p\000r\000o\000d\000u\000c\000c\000i\000\363\000n\000\040\000a\000j\000u\000s\000t\000a\000d\000a\000\040\000\050\000L\000e\000a\000n\000\040\000M\000a\000n\000u\000f\000a\000c\000t\000u\000r\000i\000n\000g\000\051}{subsection.2.1}% 11
\BOOKMARK [2][-]{subsection.2.2}{\376\377\000T\000i\000p\000o\000s\000\040\000d\000e\000\040\000o\000r\000g\000a\000n\000i\000z\000a\000c\000i\000o\000n\000e\000s}{section.2}% 12
\BOOKMARK [2][-]{subsection.2.3}{\376\377\000C\000o\000m\000p\000o\000n\000e\000n\000t\000e\000s\000\040\000d\000e\000\040\000l\000a\000\040\000o\000r\000g\000a\000n\000i\000z\000a\000c\000i\000\363\000n\000\040\000e\000m\000p\000r\000e\000s\000a\000r\000i\000a\000l}{section.2}% 13
\BOOKMARK [2][-]{subsection.2.4}{\376\377\000E\000s\000t\000r\000u\000c\000t\000u\000r\000a\000\040\000O\000r\000g\000\341\000n\000i\000c\000a\000\040\000y\000\040\000O\000r\000g\000a\000n\000i\000g\000r\000a\000m\000a\000s}{section.2}% 14
\BOOKMARK [1][-]{section.3}{\376\377\000C\000a\000p\000i\000t\000u\000l\000o\000\040\0003\000:\000\040\000A\000n\000\341\000l\000i\000s\000i\000s\000\040\000d\000e\000l\000\040\000t\000r\000a\000b\000a\000j\000o\000.\000\040\000E\000s\000t\000u\000d\000i\000o\000\040\000d\000e\000\040\000m\000\351\000t\000o\000d\000o\000s\000.}{}% 15
\BOOKMARK [2][-]{subsection.3.1}{\376\377\000E\000s\000t\000u\000d\000i\000o\000\040\000d\000e\000l\000\040\000t\000r\000a\000b\000j\000o}{section.3}% 16
\BOOKMARK [3][-]{subsubsection.3.1.1}{\376\377\000D\000e\000f\000i\000n\000i\000c\000i\000\363\000n\000\040\000\050\000s\000e\000g\000\372\000n\000\040\000l\000a\000\040\000O\000I\000T\000\051}{subsection.3.1}% 17
\BOOKMARK [3][-]{subsubsection.3.1.2}{\376\377\000T\000\351\000c\000n\000i\000c\000a\000s\000\040\000p\000a\000r\000a\000\040\000e\000l\000\040\000e\000s\000t\000u\000d\000i\000o\000\040\000d\000e\000\040\000t\000r\000a\000b\000a\000j\000o}{subsection.3.1}% 18
\BOOKMARK [3][-]{subsubsection.3.1.3}{\376\377\000N\000i\000v\000e\000l\000\040\000d\000e\000\040\000v\000i\000d\000a}{subsection.3.1}% 19
\BOOKMARK [3][-]{subsubsection.3.1.4}{\376\377\000P\000r\000o\000d\000u\000c\000t\000i\000v\000i\000d\000a\000d}{subsection.3.1}% 20
\BOOKMARK [3][-]{subsubsection.3.1.5}{\376\377\000T\000e\000o\000r\000\355\000a\000s\000\040\000s\000o\000c\000i\000a\000l\000e\000s\000\040\000x\000\040\000e\000\040\000y}{subsection.3.1}% 21
\BOOKMARK [4][-]{paragraph.3.1.5.1}{\376\377\000T\000e\000o\000r\000\355\000a\000\040\000X\000\040\000\050\000E\000n\000f\000o\000q\000u\000e\000\040\000a\000u\000t\000o\000r\000i\000t\000a\000r\000i\000o\000\040\000y\000\040\000d\000e\000\040\000c\000o\000n\000t\000r\000o\000l\000\051\000:}{subsubsection.3.1.5}% 22
\BOOKMARK [4][-]{paragraph.3.1.5.2}{\376\377\000T\000e\000o\000r\000\355\000a\000\040\000Y\000\040\000\050\000E\000n\000f\000o\000q\000u\000e\000\040\000p\000a\000r\000t\000i\000c\000i\000p\000a\000t\000i\000v\000o\000\040\000y\000\040\000m\000o\000t\000i\000v\000a\000d\000o\000r\000\051\000:}{subsubsection.3.1.5}% 23
\BOOKMARK [3][-]{subsubsection.3.1.6}{\376\377\000T\000e\000o\000r\000i\000a\000\040\000Z}{subsection.3.1}% 24
\BOOKMARK [3][-]{subsubsection.3.1.7}{\376\377\000P\000r\000o\000d\000u\000c\000c\000i\000\363\000n\000\040\000v\000s\000\040\000p\000r\000o\000d\000u\000c\000t\000i\000v\000i\000d\000a\000d}{subsection.3.1}% 25
\BOOKMARK [4][-]{paragraph.3.1.7.1}{\376\377\000E\000j\000e\000m\000p\000l\000o\000\040\000p\000r\000\341\000c\000t\000i\000c\000o\000:\000\040\000C\000a\000s\000o\000\040\000s\000i\000n\000\040\000m\000e\000j\000o\000r\000a\000\040\000e\000n\000\040\000l\000a\000\040\000p\000r\000o\000d\000u\000c\000t\000i\000v\000i\000d\000a\000d}{subsubsection.3.1.7}% 26
\BOOKMARK [2][-]{subsection.3.2}{\376\377\000A\000.\000\040\000E\000S\000T\000U\000D\000I\000O\000\040\000D\000E\000\040\000M\000\311\000T\000O\000D\000O\000S}{section.3}% 27
\BOOKMARK [3][-]{subsubsection.3.2.1}{\376\377\000O\000b\000j\000e\000t\000i\000v\000o\000s\000\040\000d\000e\000l\000\040\000e\000s\000t\000u\000d\000i\000o\000\040\000d\000e\000\040\000m\000\351\000t\000o\000d\000o\000s\000:}{subsection.3.2}% 28
\BOOKMARK [2][-]{subsection.3.3}{\376\377\0001\000\260\000-\000S\000E\000L\000E\000C\000C\000I\000O\000N\000A\000R}{section.3}% 29
\BOOKMARK [2][-]{subsection.3.4}{\376\377\0002\000\260\000-\000R\000E\000G\000I\000S\000T\000R\000A\000R}{section.3}% 30
\BOOKMARK [3][-]{subsubsection.3.4.1}{\376\377\000G\000r\000\341\000f\000i\000c\000o\000s\000\040\000q\000u\000e\000\040\000i\000n\000d\000i\000c\000a\000n\000\040\000S\000U\000C\000E\000S\000I\000\323\000N}{subsection.3.4}% 31
\BOOKMARK [3][-]{subsubsection.3.4.2}{\376\377\000G\000r\000\341\000f\000i\000c\000o\000s\000\040\000q\000u\000e\000\040\000i\000n\000d\000i\000c\000a\000n\000\040\000T\000I\000E\000M\000P\000O}{subsection.3.4}% 32
\BOOKMARK [3][-]{subsubsection.3.4.3}{\376\377\000G\000r\000\341\000f\000i\000c\000o\000s\000\040\000q\000u\000e\000\040\000i\000n\000d\000i\000c\000a\000n\000\040\000M\000O\000V\000I\000M\000I\000E\000N\000T\000O}{subsection.3.4}% 33
\BOOKMARK [2][-]{subsection.3.5}{\376\377\0003\000\260\000-\000E\000X\000A\000M\000I\000N\000A\000R}{section.3}% 34
\BOOKMARK [2][-]{subsection.3.6}{\376\377\0004\000\260\000-\000I\000D\000E\000A\000R}{section.3}% 35
\BOOKMARK [2][-]{subsection.3.7}{\376\377\0005\000\260\000-\000D\000E\000F\000I\000N\000I\000R}{section.3}% 36
\BOOKMARK [2][-]{subsection.3.8}{\376\377\0006\000\260\000-\000I\000M\000P\000L\000E\000M\000E\000N\000T\000A\000R}{section.3}% 37
\BOOKMARK [2][-]{subsection.3.9}{\376\377\0007\000\260\000-\000M\000A\000N\000T\000E\000N\000E\000R\000\040\000E\000N\000\040\000U\000S\000O}{section.3}% 38
\BOOKMARK [1][-]{section.4}{\376\377\000A\000N\000E\000X\000O}{}% 39
\BOOKMARK [1][-]{section.5}{\376\377\000M\000E\000D\000I\000C\000I\000\323\000N\000\040\000D\000E\000L\000\040\000T\000R\000A\000B\000A\000J\000O}{}% 40
\BOOKMARK [2][-]{subsection.5.1}{\376\377\000D\000e\000f\000i\000n\000c\000i\000\363\000n\000,\000\040\000n\000e\000c\000e\000s\000i\000d\000a\000d\000,\000\040\000o\000b\000j\000e\000t\000i\000v\000o\000s}{section.5}% 41
\BOOKMARK [2][-]{subsection.5.2}{\376\377\000D\000e\000f\000i\000n\000i\000c\000i\000o\000n\000e\000s\000,\000\040\000t\000e\000o\000r\000\355\000a\000s}{section.5}% 42
\BOOKMARK [2][-]{subsection.5.3}{\376\377\000T\000i\000p\000o\000s\000\040\000d\000e\000\040\000c\000r\000o\000n\000o\000m\000e\000t\000r\000a\000j\000e}{section.5}% 43
\BOOKMARK [2][-]{subsection.5.4}{\376\377\000T\000a\000m\000a\000\361\000o\000\040\000d\000e\000\040\000l\000a\000\040\000m\000u\000e\000s\000t\000r\000a}{section.5}% 44
\BOOKMARK [2][-]{subsection.5.5}{\376\377\000N\000T\000P\000D\000:\000\040\000N\000o\000r\000m\000a\000\040\000d\000e\000\040\000t\000i\000e\000m\000p\000o\000s\000\040\000p\000r\000e\000d\000e\000t\000e\000r\000m\000i\000n\000a\000d\000o\000s}{section.5}% 45
\BOOKMARK [3][-]{subsubsection.5.5.1}{\376\377\000S\000i\000s\000t\000e\000m\000a\000\040\000M\000T\000M\000-\0001}{subsection.5.5}% 46
\BOOKMARK [1][-]{section.6}{\376\377\000C\000a\000p\000\355\000t\000u\000l\000o\000\040\0005\000:\000\040\000M\000a\000n\000t\000e\000n\000i\000m\000i\000e\000n\000t\000o\000\040\000I\000n\000d\000u\000s\000t\000r\000i\000a\000l}{}% 47
\BOOKMARK [2][-]{subsection.6.1}{\376\377\000C\000r\000i\000t\000e\000r\000i\000o\000s\000\040\000p\000a\000r\000a\000\040\000d\000e\000f\000i\000n\000i\000r\000\040\000e\000l\000\040\000m\000a\000n\000t\000e\000n\000i\000m\000i\000e\000n\000t\000o\000:}{section.6}% 48
\BOOKMARK [2][-]{subsection.6.2}{\376\377\000F\000i\000a\000b\000i\000l\000i\000d\000a\000d\000:}{section.6}% 49
\BOOKMARK [2][-]{subsection.6.3}{\376\377\000A\000s\000p\000e\000c\000t\000o\000s\000\040\000e\000s\000t\000r\000a\000t\000\351\000g\000i\000c\000o\000s\000\040\000y\000\040\000t\000\341\000c\000t\000i\000c\000o\000s\000\040\000d\000e\000\040\000M\000a\000n\000t\000e\000n\000i\000m\000i\000e\000n\000t\000o}{section.6}% 50
\BOOKMARK [2][-]{subsection.6.4}{\376\377\000V\000a\000r\000i\000a\000b\000l\000e\000s\000\040\000d\000e\000\040\000m\000a\000n\000t\000e\000n\000i\000m\000i\000e\000n\000t\000o\000:}{section.6}% 51
\BOOKMARK [2][-]{subsection.6.5}{\376\377\000O\000b\000j\000e\000t\000i\000v\000o\000s\000\040\000d\000e\000l\000\040\000m\000a\000n\000t\000e\000n\000i\000m\000i\000e\000n\000t\000o\000:}{section.6}% 52
\BOOKMARK [2][-]{subsection.6.6}{\376\377\000T\000i\000p\000o\000s\000\040\000d\000e\000\040\000m\000a\000n\000t\000e\000n\000i\000m\000i\000e\000n\000t\000o\000:}{section.6}% 53
\BOOKMARK [3][-]{subsubsection.6.6.1}{\376\377\000P\000l\000a\000n\000\040\000d\000e\000\040\000i\000n\000t\000e\000r\000v\000e\000n\000c\000i\000o\000n\000e\000s\000\040\000p\000r\000o\000g\000r\000a\000m\000a\000d\000a\000s}{subsection.6.6}% 54
\BOOKMARK [3][-]{subsubsection.6.6.2}{\376\377\000M\000a\000n\000t\000e\000n\000i\000m\000i\000e\000n\000t\000o\000\040\000T\000o\000t\000a\000l\000\040\000P\000r\000o\000d\000u\000c\000t\000i\000v\000o\000\040\000\050\000T\000P\000M\000\051}{subsection.6.6}% 55
\BOOKMARK [2][-]{subsection.6.7}{\376\377\000G\000e\000s\000t\000i\000\363\000n\000\040\000d\000e\000l\000\040\000M\000a\000n\000t\000e\000n\000i\000m\000i\000e\000n\000t\000o\000:}{section.6}% 56
\BOOKMARK [3][-]{subsubsection.6.7.1}{\376\377\000C\000o\000s\000t\000o\000s\000\040\000d\000e\000\040\000m\000a\000n\000t\000e\000n\000i\000m\000i\000e\000n\000t\000o}{subsection.6.7}% 57
\BOOKMARK [2][-]{subsection.6.8}{\376\377\000R\000e\000c\000u\000r\000s\000o\000s\000\040\000H\000u\000m\000a\000n\000o\000s\000,\000\040\000H\000i\000g\000i\000e\000n\000e\000\040\000y\000\040\000S\000e\000g\000u\000r\000i\000d\000a\000d}{section.6}% 58
\BOOKMARK [3][-]{subsubsection.6.8.1}{\376\377\000O\000b\000l\000i\000g\000a\000c\000i\000o\000n\000e\000s\000\040\000e\000n\000t\000r\000e\000\040\000e\000m\000p\000l\000e\000a\000d\000o\000r\000\040\000y\000\040\000e\000m\000p\000l\000e\000a\000d\000o}{subsection.6.8}% 59
\BOOKMARK [1][-]{section.7}{\376\377\000U\000n\000i\000d\000a\000d\000\040\0006\000:\000\040\000P\000l\000a\000n\000i\000f\000i\000c\000a\000c\000i\000\363\000n\000\040\000y\000\040\000C\000o\000n\000t\000r\000o\000l\000\040\000d\000e\000\040\000l\000a\000\040\000P\000r\000o\000d\000u\000c\000c\000i\000\363\000n}{}% 60
\BOOKMARK [2][-]{subsection.7.1}{\376\377\000P\000l\000a\000n\000i\000f\000i\000c\000a\000r\000:}{section.7}% 61
\BOOKMARK [2][-]{subsection.7.2}{\376\377\000E\000n\000f\000o\000q\000u\000e\000\040\000j\000e\000r\000\341\000r\000q\000u\000i\000c\000o\000\040\000p\000a\000r\000a\000\040\000e\000l\000\040\000p\000r\000o\000c\000e\000s\000o\000\040\000d\000e\000\040\000p\000l\000a\000n\000i\000f\000i\000c\000a\000c\000i\000\363\000n\000\040\000y\000\040\000c\000o\000n\000t\000r\000o\000l\000\040\000d\000e\000\040\000l\000a\000\040\000p\000r\000o\000d\000u\000c\000c\000i\000\363\000n}{section.7}% 62
\BOOKMARK [2][-]{subsection.7.3}{\376\377\000P\000l\000a\000n\000\040\000A\000g\000r\000e\000g\000a\000d\000o\000\040\000d\000e\000\040\000p\000r\000o\000d\000u\000c\000c\000i\000\363\000n}{section.7}% 63
\BOOKMARK [3][-]{subsubsection.7.3.1}{\376\377\000E\000j\000e\000m\000p\000l\000o\000\040\000d\000e\000\040\000e\000s\000t\000r\000a\000t\000e\000g\000i\000a\000\040\000d\000e\000\040\000a\000l\000c\000a\000n\000c\000e}{subsection.7.3}% 64
\BOOKMARK [3][-]{subsubsection.7.3.2}{\376\377\000P\000r\000o\000b\000l\000e\000m\000a}{subsection.7.3}% 65
\BOOKMARK [3][-]{subsubsection.7.3.3}{\376\377\000U\000n\000i\000d\000a\000d\000\040\000d\000e\000\040\000m\000e\000d\000i\000d\000a\000\040\000a\000g\000r\000e\000g\000a\000d\000a}{subsection.7.3}% 66
\BOOKMARK [3][-]{subsubsection.7.3.4}{\376\377\000H\000o\000r\000i\000z\000o\000n\000t\000e\000\040\000d\000e\000\040\000p\000l\000a\000n\000i\000f\000i\000c\000a\000c\000i\000\363\000n}{subsection.7.3}% 67
\BOOKMARK [3][-]{subsubsection.7.3.5}{\376\377\000C\000u\000b\000o\000s\000\040\000d\000e\000\040\000t\000i\000e\000m\000p\000o}{subsection.7.3}% 68
\BOOKMARK [3][-]{subsubsection.7.3.6}{\376\377\000E\000t\000a\000p\000a\000s\000\040\000d\000e\000\040\000l\000a\000\040\000p\000l\000a\000n\000i\000f\000i\000c\000a\000c\000i\000\363\000n\000\040\000a\000g\000r\000e\000g\000a\000d\000a}{subsection.7.3}% 69
\BOOKMARK [3][-]{subsubsection.7.3.7}{\376\377\000F\000a\000c\000t\000o\000r\000e\000s\000\040\000q\000u\000e\000\040\000a\000f\000e\000c\000t\000a\000n\000\040\000l\000a\000\040\000P\000l\000a\000n\000i\000f\000i\000c\000a\000c\000i\000\363\000n\000\040\000A\000g\000r\000e\000g\000a\000d\000a}{subsection.7.3}% 70
\BOOKMARK [3][-]{subsubsection.7.3.8}{\376\377\000V\000a\000r\000i\000a\000b\000l\000e\000s\000\040\000d\000e\000\040\000a\000j\000u\000s\000t\000e\000s}{subsection.7.3}% 71
\BOOKMARK [3][-]{subsubsection.7.3.9}{\376\377\000I\000n\000d\000i\000c\000a\000d\000o\000r\000e\000s\000\040\000C\000l\000a\000v\000e\000\040\000d\000e\000\040\000R\000e\000n\000d\000i\000m\000i\000e\000n\000t\000o\000\040\000O\000p\000e\000r\000a\000t\000i\000v\000o}{subsection.7.3}% 72
\BOOKMARK [2][-]{subsection.7.4}{\376\377\000E\000l\000\040\000P\000l\000a\000n\000\040\000M\000a\000e\000s\000t\000r\000o\000\040\000d\000e\000\040\000P\000r\000o\000d\000u\000c\000c\000i\000\363\000p\000n\000\040\000\050\000P\000M\000P\000\051}{section.7}% 73
\BOOKMARK [3][-]{subsubsection.7.4.1}{\376\377\000P\000r\000o\000g\000r\000a\000m\000a\000c\000i\000\363\000n\000\040\000d\000e\000\040\000C\000o\000m\000p\000o\000n\000e\000n\000t\000e\000s\000\040\000\050\000M\000R\000P\000\051}{subsection.7.4}% 74
\BOOKMARK [1][-]{section.8}{\376\377\000C\000a\000p\000\355\000t\000u\000l\000o\000\040\0007\000:\000\040\000D\000i\000r\000e\000c\000c\000i\000\363\000n\000\040\000d\000e\000\040\000o\000p\000e\000r\000a\000c\000i\000o\000n\000e\000s}{}% 75
\BOOKMARK [2][-]{subsection.8.1}{\376\377\000S\000I\000S\000T\000E\000M\000A\000S}{section.8}% 76
\BOOKMARK [2][-]{subsection.8.2}{\376\377\000A\000r\000e\000a\000s\000\040\000d\000e\000\040\000d\000e\000c\000i\000s\000i\000\363\000n\000\040\000e\000n\000\040\000l\000a\000\040\000g\000e\000s\000t\000i\000\363\000n\000\040\000d\000e\000\040\000o\000p\000e\000r\000a\000c\000i\000o\000n\000e\000s}{section.8}% 77
\BOOKMARK [2][-]{subsection.8.3}{\376\377\000T\000e\000n\000d\000e\000n\000c\000i\000a\000s\000\040\000e\000n\000\040\000l\000a\000\040\000D\000i\000r\000e\000c\000c\000i\000\363\000n\000\040\000d\000e\000\040\000O\000p\000e\000r\000a\000c\000i\000o\000n\000e\000s}{section.8}% 78
\BOOKMARK [2][-]{subsection.8.4}{\376\377\000E\000s\000t\000r\000a\000t\000e\000g\000i\000a\000\040\000e\000n\000\040\000l\000a\000\040\000D\000i\000r\000e\000c\000c\000i\000\363\000n\000\040\000d\000e\000\040\000O\000p\000e\000r\000a\000c\000i\000o\000n\000e\000s}{section.8}% 79
\BOOKMARK [2][-]{subsection.8.5}{\376\377\000O\000b\000t\000e\000n\000e\000r\000\040\000v\000e\000n\000t\000a\000j\000a\000s\000\040\000c\000o\000m\000p\000e\000t\000i\000t\000i\000v\000a\000s}{section.8}% 80
\BOOKMARK [2][-]{subsection.8.6}{\376\377\000C\000o\000n\000t\000r\000o\000l\000\040\000d\000e\000\040\000g\000e\000s\000t\000i\000\363\000n\000:}{section.8}% 81
\BOOKMARK [1][-]{section.9}{\376\377\000C\000a\000p\000\355\000t\000u\000l\000o\000\040\0008\000:\000\040\000T\000e\000c\000n\000o\000l\000o\000g\000\355\000a\000\040\000d\000e\000\040\000P\000r\000o\000d\000u\000c\000c\000i\000\363\000n\000\040\000O\000p\000t\000i\000m\000i\000z\000a\000d\000a\000\040\000\050\000O\000P\000T\000\051\000\040\000y\000\040\000T\000e\000o\000r\000\355\000a\000\040\000d\000e\000\040\000l\000a\000s\000\040\000R\000e\000s\000t\000r\000i\000c\000c\000i\000o\000n\000e\000s\000\040\000T\000O\000C}{}% 82
\BOOKMARK [2][-]{subsection.9.1}{\376\377\000G\000e\000s\000t\000i\000\363\000n\000\040\000b\000a\000s\000a\000d\000a\000\040\000e\000n\000\040\000P\000a\000r\000\341\000m\000e\000t\000r\000o\000s\000\040\000d\000e\000\040\000E\000x\000p\000l\000o\000t\000a\000c\000i\000\363\000n\000\040\000s\000e\000g\000\372\000n\000\040\000G\000o\000l\000d\000r\000a\000t\000t}{section.9}% 83
\BOOKMARK [2][-]{subsection.9.2}{\376\377\000R\000e\000s\000t\000r\000i\000c\000c\000i\000o\000n\000e\000s\000,\000\040\000V\000a\000r\000i\000a\000b\000i\000l\000i\000d\000a\000d\000\040\000y\000\040\000F\000l\000u\000j\000o\000:\000\040\000F\000u\000n\000d\000a\000m\000e\000n\000t\000o\000s\000\040\000d\000e\000l\000\040\000P\000e\000n\000s\000a\000m\000i\000e\000n\000t\000o\000\040\000S\000i\000s\000t\000\351\000m\000i\000c\000o\000\040\000e\000n\000\040\000T\000O\000C}{section.9}% 84
\BOOKMARK [2][-]{subsection.9.3}{\376\377\000T\000e\000o\000r\000\355\000a\000\040\000d\000e\000\040\000l\000a\000s\000\040\000r\000e\000s\000t\000r\000i\000c\000c\000i\000o\000n\000e\000s\000\040\000T\000O\000C}{section.9}% 85
\BOOKMARK [3][-]{subsubsection.9.3.1}{\376\377\000C\000o\000m\000p\000a\000r\000a\000c\000i\000\363\000n\000\040\000d\000e\000\040\000F\000i\000l\000o\000s\000o\000f\000\355\000a\000s\000\040\000d\000e\000\040\000G\000e\000s\000t\000i\000\363\000n\000:\000\040\000P\000r\000i\000o\000r\000i\000d\000a\000d\000e\000s\000\040\000E\000s\000t\000r\000a\000t\000\351\000g\000i\000c\000a\000s}{subsection.9.3}% 86
\BOOKMARK [3][-]{subsubsection.9.3.2}{\376\377\000A\000n\000\341\000l\000i\000s\000i\000s\000\040\000d\000e\000l\000\040\000S\000i\000s\000t\000e\000m\000a\000\040\000d\000e\000s\000d\000e\000\040\000l\000a\000\040\000T\000e\000o\000r\000\355\000a\000\040\000d\000e\000\040\000l\000a\000s\000\040\000R\000e\000s\000t\000r\000i\000c\000c\000i\000o\000n\000e\000s\000\040\000\050\000T\000O\000C\000\051}{subsection.9.3}% 87
\BOOKMARK [2][-]{subsection.9.4}{\376\377\000P\000r\000i\000n\000c\000i\000p\000i\000o\000s\000\040\000F\000u\000n\000d\000a\000m\000e\000n\000t\000a\000l\000e\000s\000\040\000d\000e\000\040\000T\000O\000C\000:\000\040\000L\000a\000s\000\040\0009\000\040\000R\000e\000g\000l\000a\000s\000\040\000y\000\040\000l\000a\000\040\000S\000o\000l\000u\000c\000i\000\363\000n\000\040\000D\000B\000R}{section.9}% 88
\BOOKMARK [1][-]{section.10}{\376\377\000B\000i\000b\000l\000i\000o\000g\000r\000a\000f\000\355\000a}{}% 89
