This is pdfTeX, Version 3.141592653-2.6-1.40.27 (MiKTeX 25.4) (preloaded format=pdflatex 2025.5.6)  10 MAY 2025 20:05
entering extended mode
 restricted \write18 enabled.
 file:line:error style messages enabled.
 %&-line parsing enabled.
**"c:/Users/matia/OneDrive/Desktop/Organización Industrial/resumen/main.tex"
(c:/Users/matia/OneDrive/Desktop/Organización Industrial/resumen/main.tex
LaTeX2e <2024-11-01> patch level 2
L3 programming layer <2025-04-14>
(C:\Users\matia\AppData\Local\Programs\MiKTeX\tex/latex/base\article.cls
Document Class: article 2024/06/29 v1.4n Standard LaTeX document class
(C:\Users\matia\AppData\Local\Programs\MiKTeX\tex/latex/base\size11.clo
File: size11.clo 2024/06/29 v1.4n Standard LaTeX file (size option)
)
\c@part=\count272
\c@section=\count273
\c@subsection=\count274
\c@subsubsection=\count275
\c@paragraph=\count276
\c@subparagraph=\count277
\c@figure=\count278
\c@table=\count279
\abovecaptionskip=\skip49
\belowcaptionskip=\skip50
\bibindent=\dimen146
) (C:\Users\matia\AppData\Local\Programs\MiKTeX\tex/latex/lm\lmodern.sty
Package: lmodern 2015/05/01 v1.6.1 Latin Modern Fonts
LaTeX Font Info:    Overwriting symbol font `operators' in version `normal'
(Font)                  OT1/cmr/m/n --> OT1/lmr/m/n on input line 22.
LaTeX Font Info:    Overwriting symbol font `letters' in version `normal'
(Font)                  OML/cmm/m/it --> OML/lmm/m/it on input line 23.
LaTeX Font Info:    Overwriting symbol font `symbols' in version `normal'
(Font)                  OMS/cmsy/m/n --> OMS/lmsy/m/n on input line 24.
LaTeX Font Info:    Overwriting symbol font `largesymbols' in version `normal'
(Font)                  OMX/cmex/m/n --> OMX/lmex/m/n on input line 25.
LaTeX Font Info:    Overwriting symbol font `operators' in version `bold'
(Font)                  OT1/cmr/bx/n --> OT1/lmr/bx/n on input line 26.
LaTeX Font Info:    Overwriting symbol font `letters' in version `bold'
(Font)                  OML/cmm/b/it --> OML/lmm/b/it on input line 27.
LaTeX Font Info:    Overwriting symbol font `symbols' in version `bold'
(Font)                  OMS/cmsy/b/n --> OMS/lmsy/b/n on input line 28.
LaTeX Font Info:    Overwriting symbol font `largesymbols' in version `bold'
(Font)                  OMX/cmex/m/n --> OMX/lmex/m/n on input line 29.
LaTeX Font Info:    Overwriting math alphabet `\mathbf' in version `normal'
(Font)                  OT1/cmr/bx/n --> OT1/lmr/bx/n on input line 31.
LaTeX Font Info:    Overwriting math alphabet `\mathsf' in version `normal'
(Font)                  OT1/cmss/m/n --> OT1/lmss/m/n on input line 32.
LaTeX Font Info:    Overwriting math alphabet `\mathit' in version `normal'
(Font)                  OT1/cmr/m/it --> OT1/lmr/m/it on input line 33.
LaTeX Font Info:    Overwriting math alphabet `\mathtt' in version `normal'
(Font)                  OT1/cmtt/m/n --> OT1/lmtt/m/n on input line 34.
LaTeX Font Info:    Overwriting math alphabet `\mathbf' in version `bold'
(Font)                  OT1/cmr/bx/n --> OT1/lmr/bx/n on input line 35.
LaTeX Font Info:    Overwriting math alphabet `\mathsf' in version `bold'
(Font)                  OT1/cmss/bx/n --> OT1/lmss/bx/n on input line 36.
LaTeX Font Info:    Overwriting math alphabet `\mathit' in version `bold'
(Font)                  OT1/cmr/bx/it --> OT1/lmr/bx/it on input line 37.
LaTeX Font Info:    Overwriting math alphabet `\mathtt' in version `bold'
(Font)                  OT1/cmtt/m/n --> OT1/lmtt/m/n on input line 38.
) (C:\Users\matia\AppData\Local\Programs\MiKTeX\tex/latex/base\fontenc.sty
Package: fontenc 2021/04/29 v2.0v Standard LaTeX package
LaTeX Font Info:    Trying to load font information for T1+lmr on input line 116.
 (C:\Users\matia\AppData\Local\Programs\MiKTeX\tex/latex/lm\t1lmr.fd
File: t1lmr.fd 2015/05/01 v1.6.1 Font defs for Latin Modern
)) (C:\Users\matia\AppData\Local\Programs\MiKTeX\tex/latex/base\inputenc.sty
Package: inputenc 2024/02/08 v1.3d Input encoding file
\inpenc@prehook=\toks17
\inpenc@posthook=\toks18
) (C:\Users\matia\AppData\Local\Programs\MiKTeX\tex/latex/xcolor\xcolor.sty
Package: xcolor 2024/09/29 v3.02 LaTeX color extensions (UK)
 (C:\Users\matia\AppData\Local\Programs\MiKTeX\tex/latex/graphics-cfg\color.cfg
File: color.cfg 2016/01/02 v1.6 sample color configuration
)
Package xcolor Info: Driver file: pdftex.def on input line 274.
 (C:\Users\matia\AppData\Local\Programs\MiKTeX\tex/latex/graphics-def\pdftex.def
File: pdftex.def 2024/04/13 v1.2c Graphics/color driver for pdftex
) (C:\Users\matia\AppData\Local\Programs\MiKTeX\tex/latex/graphics\mathcolor.ltx)
Package xcolor Info: Model `cmy' substituted by `cmy0' on input line 1349.
Package xcolor Info: Model `hsb' substituted by `rgb' on input line 1353.
Package xcolor Info: Model `RGB' extended on input line 1365.
Package xcolor Info: Model `HTML' substituted by `rgb' on input line 1367.
Package xcolor Info: Model `Hsb' substituted by `hsb' on input line 1368.
Package xcolor Info: Model `tHsb' substituted by `hsb' on input line 1369.
Package xcolor Info: Model `HSB' substituted by `hsb' on input line 1370.
Package xcolor Info: Model `Gray' substituted by `gray' on input line 1371.
Package xcolor Info: Model `wave' substituted by `hsb' on input line 1372.
) (C:\Users\matia\AppData\Local\Programs\MiKTeX\tex/latex/colortbl\colortbl.sty
Package: colortbl 2024/07/06 v1.0i Color table columns (DPC)
 (C:\Users\matia\AppData\Local\Programs\MiKTeX\tex/latex/tools\array.sty
Package: array 2024/10/17 v2.6g Tabular extension package (FMi)
\col@sep=\dimen147
\ar@mcellbox=\box53
\extrarowheight=\dimen148
\NC@list=\toks19
\extratabsurround=\skip51
\backup@length=\skip52
\ar@cellbox=\box54
)
\everycr=\toks20
\minrowclearance=\skip53
\rownum=\count280
) (C:\Users\matia\AppData\Local\Programs\MiKTeX\tex/latex/graphics\dvipsnam.def
File: dvipsnam.def 2016/06/17 v3.0m Driver-dependent file (DPC,SPQR)
) (C:\Users\matia\AppData\Local\Programs\MiKTeX\tex/latex/multirow\bigstrut.sty
Package: bigstrut 2024/11/12 v2.9 Provide larger struts in tabulars
\bigstrutjot=\dimen149
)

LaTeX Warning: Package "xcolor" has already been loaded: ignoring load-time
(LaTeX)        option "xcdraw".

(C:\Users\matia\AppData\Local\Programs\MiKTeX\tex/latex/graphics\graphicx.sty
Package: graphicx 2021/09/16 v1.2d Enhanced LaTeX Graphics (DPC,SPQR)
 (C:\Users\matia\AppData\Local\Programs\MiKTeX\tex/latex/graphics\keyval.sty
Package: keyval 2022/05/29 v1.15 key=value parser (DPC)
\KV@toks@=\toks21
) (C:\Users\matia\AppData\Local\Programs\MiKTeX\tex/latex/graphics\graphics.sty
Package: graphics 2024/08/06 v1.4g Standard LaTeX Graphics (DPC,SPQR)
 (C:\Users\matia\AppData\Local\Programs\MiKTeX\tex/latex/graphics\trig.sty
Package: trig 2023/12/02 v1.11 sin cos tan (DPC)
) (C:\Users\matia\AppData\Local\Programs\MiKTeX\tex/latex/graphics-cfg\graphics.cfg
File: graphics.cfg 2016/06/04 v1.11 sample graphics configuration
)
Package graphics Info: Driver file: pdftex.def on input line 106.
)
\Gin@req@height=\dimen150
\Gin@req@width=\dimen151
) (C:\Users\matia\AppData\Local\Programs\MiKTeX\tex/generic/babel\babel.sty
Package: babel 2025/04/29 v25.8 The multilingual framework for pdfLaTeX, LuaLaTeX and XeLaTeX
\babel@savecnt=\count281
\U@D=\dimen152
\l@unhyphenated=\language79
 (C:\Users\matia\AppData\Local\Programs\MiKTeX\tex/generic/babel\txtbabel.def)
\bbl@readstream=\read2
\bbl@dirlevel=\count282

*************************************
* Local config file bblopts.cfg used
*
(C:\Users\matia\AppData\Local\Programs\MiKTeX\tex/latex/arabi\bblopts.cfg
File: bblopts.cfg 2005/09/08 v0.1 add Arabic and Farsi to "declared" options of babel
) (C:\Users\matia\AppData\Local\Programs\MiKTeX\tex/latex/babel-spanish\spanish.ldf
Language: spanish.ldf 2021/05/27 v5.0q Spanish support from the babel system
 (C:\Users\matia\AppData\Local\Programs\MiKTeX\tex/generic/babel/locale/es\babel-spanish.tex
Package babel Info: Importing font and identification data for spanish
(babel)             from babel-es.ini. Reported on input line 11.
)
\es@quottoks=\toks22
\es@quotdepth=\count283
Package babel Info: Making " an active character on input line 570.
Package babel Info: Making . an active character on input line 675.
Package babel Info: Making < an active character on input line 722.
Package babel Info: Making > an active character on input line 722.
)) (C:\Users\matia\AppData\Local\Programs\MiKTeX\tex/latex/amsmath\amsmath.sty
Package: amsmath 2024/11/05 v2.17t AMS math features
\@mathmargin=\skip54

For additional information on amsmath, use the `?' option.
(C:\Users\matia\AppData\Local\Programs\MiKTeX\tex/latex/amsmath\amstext.sty
Package: amstext 2021/08/26 v2.01 AMS text
 (C:\Users\matia\AppData\Local\Programs\MiKTeX\tex/latex/amsmath\amsgen.sty
File: amsgen.sty 1999/11/30 v2.0 generic functions
\@emptytoks=\toks23
\ex@=\dimen153
)) (C:\Users\matia\AppData\Local\Programs\MiKTeX\tex/latex/amsmath\amsbsy.sty
Package: amsbsy 1999/11/29 v1.2d Bold Symbols
\pmbraise@=\dimen154
) (C:\Users\matia\AppData\Local\Programs\MiKTeX\tex/latex/amsmath\amsopn.sty
Package: amsopn 2022/04/08 v2.04 operator names
)
\inf@bad=\count284
LaTeX Info: Redefining \frac on input line 233.
\uproot@=\count285
\leftroot@=\count286
LaTeX Info: Redefining \overline on input line 398.
LaTeX Info: Redefining \colon on input line 409.
\classnum@=\count287
\DOTSCASE@=\count288
LaTeX Info: Redefining \ldots on input line 495.
LaTeX Info: Redefining \dots on input line 498.
LaTeX Info: Redefining \cdots on input line 619.
\Mathstrutbox@=\box55
\strutbox@=\box56
LaTeX Info: Redefining \big on input line 721.
LaTeX Info: Redefining \Big on input line 722.
LaTeX Info: Redefining \bigg on input line 723.
LaTeX Info: Redefining \Bigg on input line 724.
\big@size=\dimen155
LaTeX Font Info:    Redeclaring font encoding OML on input line 742.
LaTeX Font Info:    Redeclaring font encoding OMS on input line 743.
\macc@depth=\count289
LaTeX Info: Redefining \bmod on input line 904.
LaTeX Info: Redefining \pmod on input line 909.
LaTeX Info: Redefining \smash on input line 939.
LaTeX Info: Redefining \relbar on input line 969.
LaTeX Info: Redefining \Relbar on input line 970.
\c@MaxMatrixCols=\count290
\dotsspace@=\muskip17
\c@parentequation=\count291
\dspbrk@lvl=\count292
\tag@help=\toks24
\row@=\count293
\column@=\count294
\maxfields@=\count295
\andhelp@=\toks25
\eqnshift@=\dimen156
\alignsep@=\dimen157
\tagshift@=\dimen158
\tagwidth@=\dimen159
\totwidth@=\dimen160
\lineht@=\dimen161
\@envbody=\toks26
\multlinegap=\skip55
\multlinetaggap=\skip56
\mathdisplay@stack=\toks27
LaTeX Info: Redefining \[ on input line 2953.
LaTeX Info: Redefining \] on input line 2954.
) (C:\Users\matia\AppData\Local\Programs\MiKTeX\tex/latex/amsfonts\amsfonts.sty
Package: amsfonts 2013/01/14 v3.01 Basic AMSFonts support
\symAMSa=\mathgroup4
\symAMSb=\mathgroup5
LaTeX Font Info:    Redeclaring math symbol \hbar on input line 98.
LaTeX Font Info:    Overwriting math alphabet `\mathfrak' in version `bold'
(Font)                  U/euf/m/n --> U/euf/b/n on input line 106.
) (C:\Users\matia\AppData\Local\Programs\MiKTeX\tex/latex/url\url.sty
\Urlmuskip=\muskip18
Package: url 2013/09/16  ver 3.4  Verb mode for urls, etc.
) (C:\Users\matia\AppData\Local\Programs\MiKTeX\tex/latex/cprotect\cprotect.sty
Package: cprotect 2011/01/27 v1.0e (Bruno Le Floch)
 (C:\Users\matia\AppData\Local\Programs\MiKTeX\tex/latex/base\ifthen.sty
Package: ifthen 2024/03/16 v1.1e Standard LaTeX ifthen package (DPC)
) (C:\Users\matia\AppData\Local\Programs\MiKTeX\tex/latex/bigfoot\suffix.sty
Package: suffix 2006/07/15 1.5a Variant command support
)
\CPT@WriteOut=\write3
\c@CPT@WriteCount=\count296
\c@CPT@numB=\count297
\CPT@commandatend@toks=\toks28
) (C:\Users\matia\AppData\Local\Programs\MiKTeX\tex/latex/enumitem\enumitem.sty
Package: enumitem 2025/02/06 v3.11 Customized lists
\labelindent=\skip57
\enit@outerparindent=\dimen162
\enit@toks=\toks29
\enit@inbox=\box57
\enit@count@id=\count298
\enitdp@description=\count299
) (C:\Users\matia\AppData\Local\Programs\MiKTeX\tex/latex/siunitx\siunitx.sty
Package: siunitx 2025-04-19 v3.4.9 A comprehensive (SI) units package
\l__siunitx_number_uncert_offset_int=\count300
\l__siunitx_number_exponent_fixed_int=\count301
\l__siunitx_number_min_decimal_int=\count302
\l__siunitx_number_min_integer_int=\count303
\l__siunitx_number_round_precision_int=\count304
\l__siunitx_number_lower_threshold_int=\count305
\l__siunitx_number_upper_threshold_int=\count306
\l__siunitx_number_group_first_int=\count307
\l__siunitx_number_group_size_int=\count308
\l__siunitx_number_group_minimum_int=\count309
\l__siunitx_angle_tmp_dim=\dimen163
\l__siunitx_angle_marker_box=\box58
\l__siunitx_angle_unit_box=\box59
\l__siunitx_compound_count_int=\count310
 (C:\Users\matia\AppData\Local\Programs\MiKTeX\tex/latex/translations\translations.sty
Package: translations 2022/02/05 v1.12 internationalization of LaTeX2e packages (CN)
 (C:\Users\matia\AppData\Local\Programs\MiKTeX\tex/latex/etoolbox\etoolbox.sty
Package: etoolbox 2025/02/11 v2.5l e-TeX tools for LaTeX (JAW)
\etb@tempcnta=\count311
) (C:\Users\matia\AppData\Local\Programs\MiKTeX\tex/generic/pdftexcmds\pdftexcmds.sty
Package: pdftexcmds 2020-06-27 v0.33 Utility functions of pdfTeX for LuaTeX (HO)
 (C:\Users\matia\AppData\Local\Programs\MiKTeX\tex/generic/infwarerr\infwarerr.sty
Package: infwarerr 2019/12/03 v1.5 Providing info/warning/error messages (HO)
) (C:\Users\matia\AppData\Local\Programs\MiKTeX\tex/generic/iftex\iftex.sty
Package: iftex 2024/12/12 v1.0g TeX engine tests
) (C:\Users\matia\AppData\Local\Programs\MiKTeX\tex/generic/ltxcmds\ltxcmds.sty
Package: ltxcmds 2023-12-04 v1.26 LaTeX kernel commands for general use (HO)
)
Package pdftexcmds Info: \pdf@primitive is available.
Package pdftexcmds Info: \pdf@ifprimitive is available.
Package pdftexcmds Info: \pdfdraftmode found.
))
\l__siunitx_table_tmp_box=\box60
\l__siunitx_table_tmp_dim=\dimen164
\l__siunitx_table_column_width_dim=\dimen165
\l__siunitx_table_integer_box=\box61
\l__siunitx_table_decimal_box=\box62
\l__siunitx_table_uncert_box=\box63
\l__siunitx_table_before_box=\box64
\l__siunitx_table_after_box=\box65
\l__siunitx_table_before_dim=\dimen166
\l__siunitx_table_carry_dim=\dimen167
\l__siunitx_unit_tmp_int=\count312
\l__siunitx_unit_position_int=\count313
\l__siunitx_unit_total_int=\count314
) (C:\Users\matia\AppData\Local\Programs\MiKTeX\tex/latex/tools\longtable.sty
Package: longtable 2024-10-27 v4.22 Multi-page Table package (DPC)
\LTleft=\skip58
\LTright=\skip59
\LTpre=\skip60
\LTpost=\skip61
\LTchunksize=\count315
\LTcapwidth=\dimen168
\LT@head=\box66
\LT@firsthead=\box67
\LT@foot=\box68
\LT@lastfoot=\box69
\LT@gbox=\box70
\LT@cols=\count316
\LT@rows=\count317
\c@LT@tables=\count318
\c@LT@chunks=\count319
\LT@p@ftn=\toks30
) (C:\Users\matia\AppData\Local\Programs\MiKTeX\tex/latex/tools\tabularx.sty
Package: tabularx 2023/12/11 v2.12a `tabularx' package (DPC)
\TX@col@width=\dimen169
\TX@old@table=\dimen170
\TX@old@col=\dimen171
\TX@target=\dimen172
\TX@delta=\dimen173
\TX@cols=\count320
\TX@ftn=\toks31
) (C:\Users\matia\AppData\Local\Programs\MiKTeX\tex/latex/lastpage\lastpage.sty
Package: lastpage 2025/01/27 v2.1e lastpage: 2.09 or 2e? (HMM)
 (C:\Users\matia\AppData\Local\Programs\MiKTeX\tex/latex/lastpage\lastpage2e.sty
Package: lastpage2e 2025/01/27 v2.1e Decide which 2e lastpage version to use (HMM)
 (C:\Users\matia\AppData\Local\Programs\MiKTeX\tex/latex/lastpage\lastpagemodern.sty
Package: lastpagemodern 2025-01-27 v2.1e Refers to last page's name (HMM; JPG)
\c@lastpagecount=\count321
) 
)) (C:\Users\matia\AppData\Local\Programs\MiKTeX\tex/latex/fancyhdr\fancyhdr.sty
Package: fancyhdr 2025/02/07 v5.2 Extensive control of page headers and footers
\f@nch@headwidth=\skip62
\f@nch@offset@elh=\skip63
\f@nch@offset@erh=\skip64
\f@nch@offset@olh=\skip65
\f@nch@offset@orh=\skip66
\f@nch@offset@elf=\skip67
\f@nch@offset@erf=\skip68
\f@nch@offset@olf=\skip69
\f@nch@offset@orf=\skip70
\f@nch@height=\skip71
\f@nch@footalignment=\skip72
\f@nch@widthL=\skip73
\f@nch@widthC=\skip74
\f@nch@widthR=\skip75
\@temptokenb=\toks32
) (C:\Users\matia\AppData\Local\Programs\MiKTeX\tex/latex/subfig\subfig.sty
Package: subfig 2005/06/28 ver: 1.3 subfig package
 (C:\Users\matia\AppData\Local\Programs\MiKTeX\tex/latex/caption\caption.sty
Package: caption 2023/08/05 v3.6o Customizing captions (AR)
 (C:\Users\matia\AppData\Local\Programs\MiKTeX\tex/latex/caption\caption3.sty
Package: caption3 2023/07/31 v2.4d caption3 kernel (AR)
\caption@tempdima=\dimen174
\captionmargin=\dimen175
\caption@leftmargin=\dimen176
\caption@rightmargin=\dimen177
\caption@width=\dimen178
\caption@indent=\dimen179
\caption@parindent=\dimen180
\caption@hangindent=\dimen181
Package caption Info: Standard document class detected.
)
\c@caption@flags=\count322
\c@continuedfloat=\count323
Package caption Info: longtable package is loaded.
 (C:\Users\matia\AppData\Local\Programs\MiKTeX\tex/latex/caption\ltcaption.sty
Package: ltcaption 2021/01/08 v1.4c longtable captions (AR)
))
\c@KVtest=\count324
\sf@farskip=\skip76
\sf@captopadj=\dimen182
\sf@capskip=\skip77
\sf@nearskip=\skip78
\c@subfigure=\count325
\c@subfigure@save=\count326
\c@lofdepth=\count327
\c@subtable=\count328
\c@subtable@save=\count329
\c@lotdepth=\count330
\sf@top=\skip79
\sf@bottom=\skip80
) (C:\Users\matia\AppData\Local\Programs\MiKTeX\tex/latex/float\float.sty
Package: float 2001/11/08 v1.3d Float enhancements (AL)
\c@float@type=\count331
\float@exts=\toks33
\float@box=\box71
\@float@everytoks=\toks34
\@floatcapt=\box72
) (C:\Users\matia\AppData\Local\Programs\MiKTeX\tex/latex/multirow\multirow.sty
Package: multirow 2024/11/12 v2.9 Span multiple rows of a table
\multirow@colwidth=\skip81
\multirow@cntb=\count332
\multirow@dima=\skip82
) (C:\Users\matia\AppData\Local\Programs\MiKTeX\tex/latex/tools\multicol.sty
Package: multicol 2024/09/14 v1.9i multicolumn formatting (FMi)
\c@tracingmulticols=\count333
\mult@box=\box73
\multicol@leftmargin=\dimen183
\c@unbalance=\count334
\c@collectmore=\count335
\doublecol@number=\count336
\multicoltolerance=\count337
\multicolpretolerance=\count338
\full@width=\dimen184
\page@free=\dimen185
\premulticols=\dimen186
\postmulticols=\dimen187
\multicolsep=\skip83
\multicolbaselineskip=\skip84
\partial@page=\box74
\last@line=\box75
\mc@boxedresult=\box76
\maxbalancingoverflow=\dimen188
\mult@rightbox=\box77
\mult@grightbox=\box78
\mult@firstbox=\box79
\mult@gfirstbox=\box80
\@tempa=\box81
\@tempa=\box82
\@tempa=\box83
\@tempa=\box84
\@tempa=\box85
\@tempa=\box86
\@tempa=\box87
\@tempa=\box88
\@tempa=\box89
\@tempa=\box90
\@tempa=\box91
\@tempa=\box92
\@tempa=\box93
\@tempa=\box94
\@tempa=\box95
\@tempa=\box96
\@tempa=\box97
\@tempa=\box98
\@tempa=\box99
\@tempa=\box100
\@tempa=\box101
\@tempa=\box102
\@tempa=\box103
\@tempa=\box104
\@tempa=\box105
\@tempa=\box106
\@tempa=\box107
\@tempa=\box108
\@tempa=\box109
\@tempa=\box110
\@tempa=\box111
\@tempa=\box112
\@tempa=\box113
\@tempa=\box114
\@tempa=\box115
\@tempa=\box116
\c@minrows=\count339
\c@columnbadness=\count340
\c@finalcolumnbadness=\count341
\last@try=\dimen189
\multicolovershoot=\dimen190
\multicolundershoot=\dimen191
\mult@nat@firstbox=\box117
\colbreak@box=\box118
\mc@col@check@num=\count342
) (C:\Users\matia\AppData\Local\Programs\MiKTeX\tex/latex/booktabs\booktabs.sty
Package: booktabs 2020/01/12 v1.61803398 Publication quality tables
\heavyrulewidth=\dimen192
\lightrulewidth=\dimen193
\cmidrulewidth=\dimen194
\belowrulesep=\dimen195
\belowbottomsep=\dimen196
\aboverulesep=\dimen197
\abovetopsep=\dimen198
\cmidrulesep=\dimen199
\cmidrulekern=\dimen256
\defaultaddspace=\dimen257
\@cmidla=\count343
\@cmidlb=\count344
\@aboverulesep=\dimen258
\@belowrulesep=\dimen259
\@thisruleclass=\count345
\@lastruleclass=\count346
\@thisrulewidth=\dimen260
) (C:\Users\matia\AppData\Local\Programs\MiKTeX\tex/latex/hyperref\hyperref.sty
Package: hyperref 2024-11-05 v7.01l Hypertext links for LaTeX
 (C:\Users\matia\AppData\Local\Programs\MiKTeX\tex/latex/kvsetkeys\kvsetkeys.sty
Package: kvsetkeys 2022-10-05 v1.19 Key value parser (HO)
) (C:\Users\matia\AppData\Local\Programs\MiKTeX\tex/generic/kvdefinekeys\kvdefinekeys.sty
Package: kvdefinekeys 2019-12-19 v1.6 Define keys (HO)
) (C:\Users\matia\AppData\Local\Programs\MiKTeX\tex/generic/pdfescape\pdfescape.sty
Package: pdfescape 2019/12/09 v1.15 Implements pdfTeX's escape features (HO)
) (C:\Users\matia\AppData\Local\Programs\MiKTeX\tex/latex/hycolor\hycolor.sty
Package: hycolor 2020-01-27 v1.10 Color options for hyperref/bookmark (HO)
) (C:\Users\matia\AppData\Local\Programs\MiKTeX\tex/latex/hyperref\nameref.sty
Package: nameref 2023-11-26 v2.56 Cross-referencing by name of section
 (C:\Users\matia\AppData\Local\Programs\MiKTeX\tex/latex/refcount\refcount.sty
Package: refcount 2019/12/15 v3.6 Data extraction from label references (HO)
) (C:\Users\matia\AppData\Local\Programs\MiKTeX\tex/generic/gettitlestring\gettitlestring.sty
Package: gettitlestring 2019/12/15 v1.6 Cleanup title references (HO)
 (C:\Users\matia\AppData\Local\Programs\MiKTeX\tex/latex/kvoptions\kvoptions.sty
Package: kvoptions 2022-06-15 v3.15 Key value format for package options (HO)
))
\c@section@level=\count347
) (C:\Users\matia\AppData\Local\Programs\MiKTeX\tex/generic/stringenc\stringenc.sty
Package: stringenc 2019/11/29 v1.12 Convert strings between diff. encodings (HO)
)
\@linkdim=\dimen261
\Hy@linkcounter=\count348
\Hy@pagecounter=\count349
 (C:\Users\matia\AppData\Local\Programs\MiKTeX\tex/latex/hyperref\pd1enc.def
File: pd1enc.def 2024-11-05 v7.01l Hyperref: PDFDocEncoding definition (HO)
Now handling font encoding PD1 ...
... no UTF-8 mapping file for font encoding PD1
) (C:\Users\matia\AppData\Local\Programs\MiKTeX\tex/generic/intcalc\intcalc.sty
Package: intcalc 2019/12/15 v1.3 Expandable calculations with integers (HO)
)
\Hy@SavedSpaceFactor=\count350
 (C:\Users\matia\AppData\Local\Programs\MiKTeX\tex/latex/hyperref\puenc.def
File: puenc.def 2024-11-05 v7.01l Hyperref: PDF Unicode definition (HO)
Now handling font encoding PU ...
... no UTF-8 mapping file for font encoding PU
)
Package hyperref Info: Hyper figures OFF on input line 4157.
Package hyperref Info: Link nesting OFF on input line 4162.
Package hyperref Info: Hyper index ON on input line 4165.
Package hyperref Info: Plain pages OFF on input line 4172.
Package hyperref Info: Backreferencing OFF on input line 4177.
Package hyperref Info: Implicit mode ON; LaTeX internals redefined.
Package hyperref Info: Bookmarks ON on input line 4424.
\c@Hy@tempcnt=\count351
LaTeX Info: Redefining \url on input line 4763.
\XeTeXLinkMargin=\dimen262
 (C:\Users\matia\AppData\Local\Programs\MiKTeX\tex/generic/bitset\bitset.sty
Package: bitset 2019/12/09 v1.3 Handle bit-vector datatype (HO)
 (C:\Users\matia\AppData\Local\Programs\MiKTeX\tex/generic/bigintcalc\bigintcalc.sty
Package: bigintcalc 2019/12/15 v1.5 Expandable calculations on big integers (HO)
))
\Fld@menulength=\count352
\Field@Width=\dimen263
\Fld@charsize=\dimen264
Package hyperref Info: Hyper figures OFF on input line 6042.
Package hyperref Info: Link nesting OFF on input line 6047.
Package hyperref Info: Hyper index ON on input line 6050.
Package hyperref Info: backreferencing OFF on input line 6057.
Package hyperref Info: Link coloring OFF on input line 6062.
Package hyperref Info: Link coloring with OCG OFF on input line 6067.
Package hyperref Info: PDF/A mode OFF on input line 6072.
 (C:\Users\matia\AppData\Local\Programs\MiKTeX\tex/latex/base\atbegshi-ltx.sty
Package: atbegshi-ltx 2021/01/10 v1.0c Emulation of the original atbegshi
package with kernel methods
)
\Hy@abspage=\count353
\c@Item=\count354
\c@Hfootnote=\count355
)
Package hyperref Info: Driver (autodetected): hpdftex.
 (C:\Users\matia\AppData\Local\Programs\MiKTeX\tex/latex/hyperref\hpdftex.def
File: hpdftex.def 2024-11-05 v7.01l Hyperref driver for pdfTeX
 (C:\Users\matia\AppData\Local\Programs\MiKTeX\tex/latex/base\atveryend-ltx.sty
Package: atveryend-ltx 2020/08/19 v1.0a Emulation of the original atveryend package
with kernel methods
)
\Fld@listcount=\count356
\c@bookmark@seq@number=\count357
 (C:\Users\matia\AppData\Local\Programs\MiKTeX\tex/latex/rerunfilecheck\rerunfilecheck.sty
Package: rerunfilecheck 2022-07-10 v1.10 Rerun checks for auxiliary files (HO)
 (C:\Users\matia\AppData\Local\Programs\MiKTeX\tex/generic/uniquecounter\uniquecounter.sty
Package: uniquecounter 2019/12/15 v1.4 Provide unlimited unique counter (HO)
)
Package uniquecounter Info: New unique counter `rerunfilecheck' on input line 285.
)
\Hy@SectionHShift=\skip85
) (C:\Users\matia\AppData\Local\Programs\MiKTeX\tex/latex/apacite\apacite.sty
Package: apacite 2013/07/21 v6.03 APA citation
\c@BibCnt=\count358
\bibleftmargin=\skip86
\bibindent=\skip87
\bibparsep=\skip88
\bibitemsep=\skip89
\biblabelsep=\skip90
) (C:\Users\matia\AppData\Local\Programs\MiKTeX\tex/latex/ulem\ulem.sty
\UL@box=\box119
\UL@hyphenbox=\box120
\UL@skip=\skip91
\UL@hook=\toks35
\UL@height=\dimen265
\UL@pe=\count359
\UL@pixel=\dimen266
\ULC@box=\box121
Package: ulem 2019/11/18
\ULdepth=\dimen267
)
Package hyperref Info: Option `colorlinks' set `true' on input line 38.
 (C:\Users\matia\AppData\Local\Programs\MiKTeX\tex/latex/geometry\geometry.sty
Package: geometry 2020/01/02 v5.9 Page Geometry
 (C:\Users\matia\AppData\Local\Programs\MiKTeX\tex/generic/iftex\ifvtex.sty
Package: ifvtex 2019/10/25 v1.7 ifvtex legacy package. Use iftex instead.
)
\Gm@cnth=\count360
\Gm@cntv=\count361
\c@Gm@tempcnt=\count362
\Gm@bindingoffset=\dimen268
\Gm@wd@mp=\dimen269
\Gm@odd@mp=\dimen270
\Gm@even@mp=\dimen271
\Gm@layoutwidth=\dimen272
\Gm@layoutheight=\dimen273
\Gm@layouthoffset=\dimen274
\Gm@layoutvoffset=\dimen275
\Gm@dimlist=\toks36
 (C:\Users\matia\AppData\Local\Programs\MiKTeX\tex/latex/geometry\geometry.cfg)) (C:\Users\matia\AppData\Local\Programs\MiKTeX\tex/latex/l3backend\l3backend-pdftex.def
File: l3backend-pdftex.def 2025-04-14 L3 backend support: PDF output (pdfTeX)
\l__color_backend_stack_int=\count363
) (main.aux
LaTeX Info: Redefining \. on input line 11.
LaTeX Info: Redefining \% on input line 11.
Package babel Info: 'spanish' activates 'spanish' shorthands.
(babel)             Reported  on input line 11.
)
\openout1 = `main.aux'.

LaTeX Font Info:    Checking defaults for OML/cmm/m/it on input line 78.
LaTeX Font Info:    ... okay on input line 78.
LaTeX Font Info:    Checking defaults for OMS/cmsy/m/n on input line 78.
LaTeX Font Info:    ... okay on input line 78.
LaTeX Font Info:    Checking defaults for OT1/cmr/m/n on input line 78.
LaTeX Font Info:    ... okay on input line 78.
LaTeX Font Info:    Checking defaults for T1/cmr/m/n on input line 78.
LaTeX Font Info:    ... okay on input line 78.
LaTeX Font Info:    Checking defaults for TS1/cmr/m/n on input line 78.
LaTeX Font Info:    ... okay on input line 78.
LaTeX Font Info:    Checking defaults for OMX/cmex/m/n on input line 78.
LaTeX Font Info:    ... okay on input line 78.
LaTeX Font Info:    Checking defaults for U/cmr/m/n on input line 78.
LaTeX Font Info:    ... okay on input line 78.
LaTeX Font Info:    Checking defaults for PD1/pdf/m/n on input line 78.
LaTeX Font Info:    ... okay on input line 78.
LaTeX Font Info:    Checking defaults for PU/pdf/m/n on input line 78.
LaTeX Font Info:    ... okay on input line 78.
 (C:\Users\matia\AppData\Local\Programs\MiKTeX\tex/context/base/mkii\supp-pdf.mkii
[Loading MPS to PDF converter (version 2006.09.02).]
\scratchcounter=\count364
\scratchdimen=\dimen276
\scratchbox=\box122
\nofMPsegments=\count365
\nofMParguments=\count366
\everyMPshowfont=\toks37
\MPscratchCnt=\count367
\MPscratchDim=\dimen277
\MPnumerator=\count368
\makeMPintoPDFobject=\count369
\everyMPtoPDFconversion=\toks38
) (C:\Users\matia\AppData\Local\Programs\MiKTeX\tex/latex/epstopdf-pkg\epstopdf-base.sty
Package: epstopdf-base 2020-01-24 v2.11 Base part for package epstopdf
Package epstopdf-base Info: Redefining graphics rule for `.eps' on input line 485.
 (C:\Users\matia\AppData\Local\Programs\MiKTeX\tex/latex/00miktex\epstopdf-sys.cfg
File: epstopdf-sys.cfg 2021/03/18 v2.0 Configuration of epstopdf for MiKTeX
))
LaTeX Info: Redefining \. on input line 78.
LaTeX Info: Redefining \% on input line 78.
 (C:\Users\matia\AppData\Local\Programs\MiKTeX\tex/latex/translations/dicts\translations-basic-dictionary-spanish.trsl
File: translations-basic-dictionary-spanish.trsl (spanish translation file `translations-basic-dictionary')
)
Package translations Info: loading dictionary `translations-basic-dictionary' for `spanish'. on input line 78.
Package caption Info: Begin \AtBeginDocument code.
Package caption Info: subfig package v1.3 is loaded.
Package caption Info: float package is loaded.
Package caption Info: hyperref package is loaded.
Package caption Info: End \AtBeginDocument code.
Package hyperref Info: Link coloring ON on input line 78.
 (main.out) (main.out)
\@outlinefile=\write4
\openout4 = `main.out'.

\c@maskedRefs=\count370
 (C:\Users\matia\AppData\Local\Programs\MiKTeX\tex/latex/apacite\spanish.apc
File: spanish.apc 2013/07/21 v6.03 apacite language file
LaTeX Info: Redefining \BPBI on input line 138.
LaTeX Info: Redefining \BHBI on input line 139.
)
*geometry* driver: auto-detecting
*geometry* detected driver: pdftex
*geometry* verbose mode - [ preamble ] result:
* driver: pdftex
* paper: a4paper
* layout: <same size as paper>
* layoutoffset:(h,v)=(0.0pt,0.0pt)
* modes: includehead includefoot 
* h-part:(L,W,R)=(56.9055pt, 483.69687pt, 56.9055pt)
* v-part:(T,H,B)=(28.45274pt, 773.91498pt, 42.67912pt)
* \paperwidth=597.50787pt
* \paperheight=845.04684pt
* \textwidth=483.69687pt
* \textheight=662.00948pt
* \oddsidemargin=-15.36449pt
* \evensidemargin=-15.36449pt
* \topmargin=-43.81725pt
* \headheight=56.9055pt
* \headsep=25.0pt
* \topskip=11.0pt
* \footskip=30.0pt
* \marginparwidth=50.0pt
* \marginparsep=10.0pt
* \columnsep=10.0pt
* \skip\footins=10.0pt plus 4.0pt minus 2.0pt
* \hoffset=0.0pt
* \voffset=0.0pt
* \mag=1000
* \@twocolumnfalse
* \@twosidefalse
* \@mparswitchfalse
* \@reversemarginfalse
* (1in=72.27pt=25.4mm, 1cm=28.453pt)

LaTeX Font Info:    Trying to load font information for OT1+lmr on input line 84.
(C:\Users\matia\AppData\Local\Programs\MiKTeX\tex/latex/lm\ot1lmr.fd
File: ot1lmr.fd 2015/05/01 v1.6.1 Font defs for Latin Modern
)
LaTeX Font Info:    Trying to load font information for OML+lmm on input line 84.
 (C:\Users\matia\AppData\Local\Programs\MiKTeX\tex/latex/lm\omllmm.fd
File: omllmm.fd 2015/05/01 v1.6.1 Font defs for Latin Modern
)
LaTeX Font Info:    Trying to load font information for OMS+lmsy on input line 84.
 (C:\Users\matia\AppData\Local\Programs\MiKTeX\tex/latex/lm\omslmsy.fd
File: omslmsy.fd 2015/05/01 v1.6.1 Font defs for Latin Modern
)
LaTeX Font Info:    Trying to load font information for OMX+lmex on input line 84.
 (C:\Users\matia\AppData\Local\Programs\MiKTeX\tex/latex/lm\omxlmex.fd
File: omxlmex.fd 2015/05/01 v1.6.1 Font defs for Latin Modern
)
LaTeX Font Info:    External font `lmex10' loaded for size
(Font)              <12> on input line 84.
LaTeX Font Info:    External font `lmex10' loaded for size
(Font)              <8> on input line 84.
LaTeX Font Info:    External font `lmex10' loaded for size
(Font)              <6> on input line 84.
LaTeX Font Info:    Trying to load font information for U+msa on input line 84.
 (C:\Users\matia\AppData\Local\Programs\MiKTeX\tex/latex/amsfonts\umsa.fd
File: umsa.fd 2013/01/14 v3.01 AMS symbols A
)
LaTeX Font Info:    Trying to load font information for U+msb on input line 84.
 (C:\Users\matia\AppData\Local\Programs\MiKTeX\tex/latex/amsfonts\umsb.fd
File: umsb.fd 2013/01/14 v3.01 AMS symbols B
)
LaTeX Font Info:    External font `lmex10' loaded for size
(Font)              <9> on input line 84.
LaTeX Font Info:    External font `lmex10' loaded for size
(Font)              <5> on input line 84.


<logo (2) (1) (2).jpg, id=359, 249.8133pt x 124.7862pt>
File: logo (2) (1) (2).jpg Graphic file (type jpg)
<use logo (2) (1) (2).jpg>
Package pdftex.def Info: logo (2) (1) (2).jpg  used on input line 97.
(pdftex.def)             Requested size: 80.0pt x 39.96095pt.
<fcefyn (2) (1) (2).png, id=360, 1102.1175pt x 549.05125pt>
File: fcefyn (2) (1) (2).png Graphic file (type png)
<use fcefyn (2) (1) (2).png>
Package pdftex.def Info: fcefyn (2) (1) (2).png  used on input line 97.
(pdftex.def)             Requested size: 80.0pt x 39.85336pt.
[1{C:/Users/matia/AppData/Local/MiKTeX/fonts/map/pdftex/pdftex.map}{C:/Users/matia/AppData/Local/Programs/MiKTeX/fonts/enc/dvips/lm/lm-ec.enc}


 <./logo (2) (1) (2).jpg> <./fcefyn (2) (1) (2).png>] (main.toc
LaTeX Info: Redefining \. on input line 1.
LaTeX Info: Redefining \% on input line 1.
LaTeX Font Info:    External font `lmex10' loaded for size
(Font)              <10.95> on input line 3.
LaTeX Font Info:    Trying to load font information for TS1+lmr on input line 30.
 (C:\Users\matia\AppData\Local\Programs\MiKTeX\tex/latex/lm\ts1lmr.fd
File: ts1lmr.fd 2015/05/01 v1.6.1 Font defs for Latin Modern
)

File: logo (2) (1) (2).jpg Graphic file (type jpg)
<use logo (2) (1) (2).jpg>
Package pdftex.def Info: logo (2) (1) (2).jpg  used on input line 46.
(pdftex.def)             Requested size: 80.0pt x 39.96095pt.
File: fcefyn (2) (1) (2).png Graphic file (type png)
<use fcefyn (2) (1) (2).png>
Package pdftex.def Info: fcefyn (2) (1) (2).png  used on input line 46.
(pdftex.def)             Requested size: 80.0pt x 39.85336pt.
[2

{C:/Users/matia/AppData/Local/Programs/MiKTeX/fonts/enc/dvips/lm/lm-ts1.enc}]

File: logo (2) (1) (2).jpg Graphic file (type jpg)
<use logo (2) (1) (2).jpg>
Package pdftex.def Info: logo (2) (1) (2).jpg  used on input line 90.
(pdftex.def)             Requested size: 80.0pt x 39.96095pt.
File: fcefyn (2) (1) (2).png Graphic file (type png)
<use fcefyn (2) (1) (2).png>
Package pdftex.def Info: fcefyn (2) (1) (2).png  used on input line 90.
(pdftex.def)             Requested size: 80.0pt x 39.85336pt.
[3])
\tf@toc=\write5
\openout5 = `main.toc'.



File: logo (2) (1) (2).jpg Graphic file (type jpg)
<use logo (2) (1) (2).jpg>
Package pdftex.def Info: logo (2) (1) (2).jpg  used on input line 103.
(pdftex.def)             Requested size: 80.0pt x 39.96095pt.
File: fcefyn (2) (1) (2).png Graphic file (type png)
<use fcefyn (2) (1) (2).png>
Package pdftex.def Info: fcefyn (2) (1) (2).png  used on input line 103.
(pdftex.def)             Requested size: 80.0pt x 39.85336pt.
[4]
<ciclo_deming.png, id=485, 787.94376pt x 507.8975pt>
File: ciclo_deming.png Graphic file (type png)
<use ciclo_deming.png>
Package pdftex.def Info: ciclo_deming.png  used on input line 146.
(pdftex.def)             Requested size: 315.17192pt x 203.1554pt.


File: logo (2) (1) (2).jpg Graphic file (type jpg)
<use logo (2) (1) (2).jpg>
Package pdftex.def Info: logo (2) (1) (2).jpg  used on input line 156.
(pdftex.def)             Requested size: 80.0pt x 39.96095pt.
File: fcefyn (2) (1) (2).png Graphic file (type png)
<use fcefyn (2) (1) (2).png>
Package pdftex.def Info: fcefyn (2) (1) (2).png  used on input line 156.
(pdftex.def)             Requested size: 80.0pt x 39.85336pt.
[5

]

File: logo (2) (1) (2).jpg Graphic file (type jpg)
<use logo (2) (1) (2).jpg>
Package pdftex.def Info: logo (2) (1) (2).jpg  used on input line 170.
(pdftex.def)             Requested size: 80.0pt x 39.96095pt.
File: fcefyn (2) (1) (2).png Graphic file (type png)
<use fcefyn (2) (1) (2).png>
Package pdftex.def Info: fcefyn (2) (1) (2).png  used on input line 170.
(pdftex.def)             Requested size: 80.0pt x 39.85336pt.
[6 <./ciclo_deming.png (PNG copy)>]
<evolucion_industrial.png, id=503, 483.30562pt x 293.59688pt>
File: evolucion_industrial.png Graphic file (type png)
<use evolucion_industrial.png>
Package pdftex.def Info: evolucion_industrial.png  used on input line 179.
(pdftex.def)             Requested size: 483.30444pt x 293.59615pt.
<produccion.png, id=504, 543.53062pt x 322.20375pt>
File: produccion.png Graphic file (type png)
<use produccion.png>
Package pdftex.def Info: produccion.png  used on input line 185.
(pdftex.def)             Requested size: 462.0032pt x 273.87447pt.
<prod2.png, id=505, 545.03625pt x 264.99pt>
File: prod2.png Graphic file (type png)
<use prod2.png>
Package pdftex.def Info: prod2.png  used on input line 191.
(pdftex.def)             Requested size: 463.283pt x 225.24255pt.


File: logo (2) (1) (2).jpg Graphic file (type jpg)
<use logo (2) (1) (2).jpg>
Package pdftex.def Info: logo (2) (1) (2).jpg  used on input line 195.
(pdftex.def)             Requested size: 80.0pt x 39.96095pt.
File: fcefyn (2) (1) (2).png Graphic file (type png)
<use fcefyn (2) (1) (2).png>
Package pdftex.def Info: fcefyn (2) (1) (2).png  used on input line 195.
(pdftex.def)             Requested size: 80.0pt x 39.85336pt.
[7 <./evolucion_industrial.png>]

File: logo (2) (1) (2).jpg Graphic file (type jpg)
<use logo (2) (1) (2).jpg>
Package pdftex.def Info: logo (2) (1) (2).jpg  used on input line 204.
(pdftex.def)             Requested size: 80.0pt x 39.96095pt.
File: fcefyn (2) (1) (2).png Graphic file (type png)
<use fcefyn (2) (1) (2).png>
Package pdftex.def Info: fcefyn (2) (1) (2).png  used on input line 204.
(pdftex.def)             Requested size: 80.0pt x 39.85336pt.
[8 <./produccion.png> <./prod2.png>]

File: logo (2) (1) (2).jpg Graphic file (type jpg)
<use logo (2) (1) (2).jpg>
Package pdftex.def Info: logo (2) (1) (2).jpg  used on input line 218.
(pdftex.def)             Requested size: 80.0pt x 39.96095pt.
File: fcefyn (2) (1) (2).png Graphic file (type png)
<use fcefyn (2) (1) (2).png>
Package pdftex.def Info: fcefyn (2) (1) (2).png  used on input line 218.
(pdftex.def)             Requested size: 80.0pt x 39.85336pt.
[9]

File: logo (2) (1) (2).jpg Graphic file (type jpg)
<use logo (2) (1) (2).jpg>
Package pdftex.def Info: logo (2) (1) (2).jpg  used on input line 242.
(pdftex.def)             Requested size: 80.0pt x 39.96095pt.
File: fcefyn (2) (1) (2).png Graphic file (type png)
<use fcefyn (2) (1) (2).png>
Package pdftex.def Info: fcefyn (2) (1) (2).png  used on input line 242.
(pdftex.def)             Requested size: 80.0pt x 39.85336pt.
[10]

File: logo (2) (1) (2).jpg Graphic file (type jpg)
<use logo (2) (1) (2).jpg>
Package pdftex.def Info: logo (2) (1) (2).jpg  used on input line 264.
(pdftex.def)             Requested size: 80.0pt x 39.96095pt.
File: fcefyn (2) (1) (2).png Graphic file (type png)
<use fcefyn (2) (1) (2).png>
Package pdftex.def Info: fcefyn (2) (1) (2).png  used on input line 264.
(pdftex.def)             Requested size: 80.0pt x 39.85336pt.
[11]

File: logo (2) (1) (2).jpg Graphic file (type jpg)
<use logo (2) (1) (2).jpg>
Package pdftex.def Info: logo (2) (1) (2).jpg  used on input line 295.
(pdftex.def)             Requested size: 80.0pt x 39.96095pt.
File: fcefyn (2) (1) (2).png Graphic file (type png)
<use fcefyn (2) (1) (2).png>
Package pdftex.def Info: fcefyn (2) (1) (2).png  used on input line 295.
(pdftex.def)             Requested size: 80.0pt x 39.85336pt.
[12]
<cuadro alcance.png, id=548, 563.10374pt x 243.15843pt>
File: cuadro alcance.png Graphic file (type png)
<use cuadro alcance.png>
Package pdftex.def Info: cuadro alcance.png  used on input line 310.
(pdftex.def)             Requested size: 450.48361pt x 194.52701pt.


File: logo (2) (1) (2).jpg Graphic file (type jpg)
<use logo (2) (1) (2).jpg>
Package pdftex.def Info: logo (2) (1) (2).jpg  used on input line 324.
(pdftex.def)             Requested size: 80.0pt x 39.96095pt.
File: fcefyn (2) (1) (2).png Graphic file (type png)
<use fcefyn (2) (1) (2).png>
Package pdftex.def Info: fcefyn (2) (1) (2).png  used on input line 324.
(pdftex.def)             Requested size: 80.0pt x 39.85336pt.
[13 <./cuadro alcance.png>]
<org_funcional.jpg, id=560, 796.47563pt x 597.73312pt>
File: org_funcional.jpg Graphic file (type jpg)
<use org_funcional.jpg>
Package pdftex.def Info: org_funcional.jpg  used on input line 363.
(pdftex.def)             Requested size: 398.23685pt x 298.86583pt.


File: logo (2) (1) (2).jpg Graphic file (type jpg)
<use logo (2) (1) (2).jpg>
Package pdftex.def Info: logo (2) (1) (2).jpg  used on input line 365.
(pdftex.def)             Requested size: 80.0pt x 39.96095pt.
File: fcefyn (2) (1) (2).png Graphic file (type png)
<use fcefyn (2) (1) (2).png>
Package pdftex.def Info: fcefyn (2) (1) (2).png  used on input line 365.
(pdftex.def)             Requested size: 80.0pt x 39.85336pt.
[14]

File: logo (2) (1) (2).jpg Graphic file (type jpg)
<use logo (2) (1) (2).jpg>
Package pdftex.def Info: logo (2) (1) (2).jpg  used on input line 374.
(pdftex.def)             Requested size: 80.0pt x 39.96095pt.
File: fcefyn (2) (1) (2).png Graphic file (type png)
<use fcefyn (2) (1) (2).png>
Package pdftex.def Info: fcefyn (2) (1) (2).png  used on input line 374.
(pdftex.def)             Requested size: 80.0pt x 39.85336pt.
[15 <./org_funcional.jpg>]
<tecnicas ET.png, id=578, 551.30557pt x 478.07059pt>
File: tecnicas ET.png Graphic file (type png)
<use tecnicas ET.png>
Package pdftex.def Info: tecnicas ET.png  used on input line 409.
(pdftex.def)             Requested size: 241.84843pt x 209.71706pt.


File: logo (2) (1) (2).jpg Graphic file (type jpg)
<use logo (2) (1) (2).jpg>
Package pdftex.def Info: logo (2) (1) (2).jpg  used on input line 428.
(pdftex.def)             Requested size: 80.0pt x 39.96095pt.
File: fcefyn (2) (1) (2).png Graphic file (type png)
<use fcefyn (2) (1) (2).png>
Package pdftex.def Info: fcefyn (2) (1) (2).png  used on input line 428.
(pdftex.def)             Requested size: 80.0pt x 39.85336pt.
[16]

File: logo (2) (1) (2).jpg Graphic file (type jpg)
<use logo (2) (1) (2).jpg>
Package pdftex.def Info: logo (2) (1) (2).jpg  used on input line 459.
(pdftex.def)             Requested size: 80.0pt x 39.96095pt.
File: fcefyn (2) (1) (2).png Graphic file (type png)
<use fcefyn (2) (1) (2).png>
Package pdftex.def Info: fcefyn (2) (1) (2).png  used on input line 459.
(pdftex.def)             Requested size: 80.0pt x 39.85336pt.
[17{C:/Users/matia/AppData/Local/Programs/MiKTeX/fonts/enc/dvips/lm/lm-mathit.enc}{C:/Users/matia/AppData/Local/Programs/MiKTeX/fonts/enc/dvips/lm/lm-rm.enc} <./tecnicas ET.png (PNG copy)>]

File: logo (2) (1) (2).jpg Graphic file (type jpg)
<use logo (2) (1) (2).jpg>
Package pdftex.def Info: logo (2) (1) (2).jpg  used on input line 516.
(pdftex.def)             Requested size: 80.0pt x 39.96095pt.
File: fcefyn (2) (1) (2).png Graphic file (type png)
<use fcefyn (2) (1) (2).png>
Package pdftex.def Info: fcefyn (2) (1) (2).png  used on input line 516.
(pdftex.def)             Requested size: 80.0pt x 39.85336pt.
[18]

File: logo (2) (1) (2).jpg Graphic file (type jpg)
<use logo (2) (1) (2).jpg>
Package pdftex.def Info: logo (2) (1) (2).jpg  used on input line 545.
(pdftex.def)             Requested size: 80.0pt x 39.96095pt.
File: fcefyn (2) (1) (2).png Graphic file (type png)
<use fcefyn (2) (1) (2).png>
Package pdftex.def Info: fcefyn (2) (1) (2).png  used on input line 545.
(pdftex.def)             Requested size: 80.0pt x 39.85336pt.
[19]

File: logo (2) (1) (2).jpg Graphic file (type jpg)
<use logo (2) (1) (2).jpg>
Package pdftex.def Info: logo (2) (1) (2).jpg  used on input line 593.
(pdftex.def)             Requested size: 80.0pt x 39.96095pt.
File: fcefyn (2) (1) (2).png Graphic file (type png)
<use fcefyn (2) (1) (2).png>
Package pdftex.def Info: fcefyn (2) (1) (2).png  used on input line 593.
(pdftex.def)             Requested size: 80.0pt x 39.85336pt.
[20]

File: logo (2) (1) (2).jpg Graphic file (type jpg)
<use logo (2) (1) (2).jpg>
Package pdftex.def Info: logo (2) (1) (2).jpg  used on input line 649.
(pdftex.def)             Requested size: 80.0pt x 39.96095pt.
File: fcefyn (2) (1) (2).png Graphic file (type png)
<use fcefyn (2) (1) (2).png>
Package pdftex.def Info: fcefyn (2) (1) (2).png  used on input line 649.
(pdftex.def)             Requested size: 80.0pt x 39.85336pt.
[21{C:/Users/matia/AppData/Local/Programs/MiKTeX/fonts/enc/dvips/lm/lm-mathex.enc}]
<simbologia.png, id=625, 572.1375pt x 362.35374pt>
File: simbologia.png Graphic file (type png)
<use simbologia.png>
Package pdftex.def Info: simbologia.png  used on input line 661.
(pdftex.def)             Requested size: 371.88496pt x 235.52715pt.


File: logo (2) (1) (2).jpg Graphic file (type jpg)
<use logo (2) (1) (2).jpg>
Package pdftex.def Info: logo (2) (1) (2).jpg  used on input line 679.
(pdftex.def)             Requested size: 80.0pt x 39.96095pt.
File: fcefyn (2) (1) (2).png Graphic file (type png)
<use fcefyn (2) (1) (2).png>
Package pdftex.def Info: fcefyn (2) (1) (2).png  used on input line 679.
(pdftex.def)             Requested size: 80.0pt x 39.85336pt.
[22 <./simbologia.png (PNG copy)>]

File: logo (2) (1) (2).jpg Graphic file (type jpg)
<use logo (2) (1) (2).jpg>
Package pdftex.def Info: logo (2) (1) (2).jpg  used on input line 716.
(pdftex.def)             Requested size: 80.0pt x 39.96095pt.
File: fcefyn (2) (1) (2).png Graphic file (type png)
<use fcefyn (2) (1) (2).png>
Package pdftex.def Info: fcefyn (2) (1) (2).png  used on input line 716.
(pdftex.def)             Requested size: 80.0pt x 39.85336pt.
[23]
<anillo.png, id=643, 156.585pt x 116.8365pt>
File: anillo.png Graphic file (type png)
<use anillo.png>
Package pdftex.def Info: anillo.png  used on input line 719.
(pdftex.def)             Requested size: 241.84843pt x 180.4636pt.


File: logo (2) (1) (2).jpg Graphic file (type jpg)
<use logo (2) (1) (2).jpg>
Package pdftex.def Info: logo (2) (1) (2).jpg  used on input line 750.
(pdftex.def)             Requested size: 80.0pt x 39.96095pt.
File: fcefyn (2) (1) (2).png Graphic file (type png)
<use fcefyn (2) (1) (2).png>
Package pdftex.def Info: fcefyn (2) (1) (2).png  used on input line 750.
(pdftex.def)             Requested size: 80.0pt x 39.85336pt.
[24 <./anillo.png (PNG copy)>]

File: logo (2) (1) (2).jpg Graphic file (type jpg)
<use logo (2) (1) (2).jpg>
Package pdftex.def Info: logo (2) (1) (2).jpg  used on input line 795.
(pdftex.def)             Requested size: 80.0pt x 39.96095pt.
File: fcefyn (2) (1) (2).png Graphic file (type png)
<use fcefyn (2) (1) (2).png>
Package pdftex.def Info: fcefyn (2) (1) (2).png  used on input line 795.
(pdftex.def)             Requested size: 80.0pt x 39.85336pt.
[25]

File: logo (2) (1) (2).jpg Graphic file (type jpg)
<use logo (2) (1) (2).jpg>
Package pdftex.def Info: logo (2) (1) (2).jpg  used on input line 829.
(pdftex.def)             Requested size: 80.0pt x 39.96095pt.
File: fcefyn (2) (1) (2).png Graphic file (type png)
<use fcefyn (2) (1) (2).png>
Package pdftex.def Info: fcefyn (2) (1) (2).png  used on input line 829.
(pdftex.def)             Requested size: 80.0pt x 39.85336pt.
[26]

File: logo (2) (1) (2).jpg Graphic file (type jpg)
<use logo (2) (1) (2).jpg>
Package pdftex.def Info: logo (2) (1) (2).jpg  used on input line 872.
(pdftex.def)             Requested size: 80.0pt x 39.96095pt.
File: fcefyn (2) (1) (2).png Graphic file (type png)
<use fcefyn (2) (1) (2).png>
Package pdftex.def Info: fcefyn (2) (1) (2).png  used on input line 872.
(pdftex.def)             Requested size: 80.0pt x 39.85336pt.
[27]
<curso sinoptico del proceso.png, id=673, 522.56769pt x 522.0623pt>
File: curso sinoptico del proceso.png Graphic file (type png)
<use curso sinoptico del proceso.png>
Package pdftex.def Info: curso sinoptico del proceso.png  used on input line 878.
(pdftex.def)             Requested size: 470.30656pt x 469.85173pt.
<proforma.png, id=674, 416.89084pt x 535.33333pt>
File: proforma.png Graphic file (type png)
<use proforma.png>
Package pdftex.def Info: proforma.png  used on input line 885.
(pdftex.def)             Requested size: 458.58133pt x 588.86848pt.
<bimanual.png, id=675, 722.7pt x 385.44pt>
File: bimanual.png Graphic file (type png)
<use bimanual.png>
Package pdftex.def Info: bimanual.png  used on input line 892.
(pdftex.def)             Requested size: 614.2979pt x 327.62555pt.
<actividades multiples.png, id=678, 359.25522pt x 478.3087pt>
File: actividades multiples.png Graphic file (type png)
<use actividades multiples.png>
Package pdftex.def Info: actividades multiples.png  used on input line 899.
(pdftex.def)             Requested size: 467.03172pt x 621.80124pt.
<actividades multiples mejorado.png, id=679, 350.35963pt x 476.84691pt>
File: actividades multiples mejorado.png Graphic file (type png)
<use actividades multiples mejorado.png>
Package pdftex.def Info: actividades multiples mejorado.png  used on input line 907.
(pdftex.def)             Requested size: 455.46745pt x 619.9009pt.
<recorrido.png, id=680, 367.44505pt x 504.14856pt>
File: recorrido.png Graphic file (type png)
<use recorrido.png>
Package pdftex.def Info: recorrido.png  used on input line 914.
(pdftex.def)             Requested size: 293.95642pt x 403.3194pt.
<hilos.png, id=681, 594.31447pt x 487.18483pt>
File: hilos.png Graphic file (type png)
<use hilos.png>
Package pdftex.def Info: hilos.png  used on input line 921.
(pdftex.def)             Requested size: 241.84843pt x 198.25287pt.
<hojaruta.png, id=682, 330.37714pt x 478.35857pt>
File: hojaruta.png Graphic file (type png)
<use hojaruta.png>
Package pdftex.def Info: hojaruta.png  used on input line 928.
(pdftex.def)             Requested size: 429.4902pt x 621.86606pt.
<hoja de proceso.png, id=683, 697.077pt x 436.248pt>
File: hoja de proceso.png Graphic file (type png)
<use hoja de proceso.png>
Package pdftex.def Info: hoja de proceso.png  used on input line 935.
(pdftex.def)             Requested size: 592.51825pt x 370.81255pt.
<ficha de operacion.png, id=684, 676.40204pt x 482.1764pt>
File: ficha de operacion.png Graphic file (type png)
<use ficha de operacion.png>
Package pdftex.def Info: ficha de operacion.png  used on input line 942.
(pdftex.def)             Requested size: 574.94446pt x 409.85187pt.


File: logo (2) (1) (2).jpg Graphic file (type jpg)
<use logo (2) (1) (2).jpg>
Package pdftex.def Info: logo (2) (1) (2).jpg  used on input line 948.
(pdftex.def)             Requested size: 80.0pt x 39.96095pt.
File: fcefyn (2) (1) (2).png Graphic file (type png)
<use fcefyn (2) (1) (2).png>
Package pdftex.def Info: fcefyn (2) (1) (2).png  used on input line 948.
(pdftex.def)             Requested size: 80.0pt x 39.85336pt.
[28 <./curso sinoptico del proceso.png (PNG copy)>]

File: logo (2) (1) (2).jpg Graphic file (type jpg)
<use logo (2) (1) (2).jpg>
Package pdftex.def Info: logo (2) (1) (2).jpg  used on input line 948.
(pdftex.def)             Requested size: 80.0pt x 39.96095pt.
File: fcefyn (2) (1) (2).png Graphic file (type png)
<use fcefyn (2) (1) (2).png>
Package pdftex.def Info: fcefyn (2) (1) (2).png  used on input line 948.
(pdftex.def)             Requested size: 80.0pt x 39.85336pt.
[29 <./proforma.png (PNG copy)>]

File: logo (2) (1) (2).jpg Graphic file (type jpg)
<use logo (2) (1) (2).jpg>
Package pdftex.def Info: logo (2) (1) (2).jpg  used on input line 948.
(pdftex.def)             Requested size: 80.0pt x 39.96095pt.
File: fcefyn (2) (1) (2).png Graphic file (type png)
<use fcefyn (2) (1) (2).png>
Package pdftex.def Info: fcefyn (2) (1) (2).png  used on input line 948.
(pdftex.def)             Requested size: 80.0pt x 39.85336pt.
[30 <./bimanual.png (PNG copy)>]

File: logo (2) (1) (2).jpg Graphic file (type jpg)
<use logo (2) (1) (2).jpg>
Package pdftex.def Info: logo (2) (1) (2).jpg  used on input line 948.
(pdftex.def)             Requested size: 80.0pt x 39.96095pt.
File: fcefyn (2) (1) (2).png Graphic file (type png)
<use fcefyn (2) (1) (2).png>
Package pdftex.def Info: fcefyn (2) (1) (2).png  used on input line 948.
(pdftex.def)             Requested size: 80.0pt x 39.85336pt.
[31 <./actividades multiples.png (PNG copy)>]

File: logo (2) (1) (2).jpg Graphic file (type jpg)
<use logo (2) (1) (2).jpg>
Package pdftex.def Info: logo (2) (1) (2).jpg  used on input line 948.
(pdftex.def)             Requested size: 80.0pt x 39.96095pt.
File: fcefyn (2) (1) (2).png Graphic file (type png)
<use fcefyn (2) (1) (2).png>
Package pdftex.def Info: fcefyn (2) (1) (2).png  used on input line 948.
(pdftex.def)             Requested size: 80.0pt x 39.85336pt.
[32 <./actividades multiples mejorado.png (PNG copy)>]

File: logo (2) (1) (2).jpg Graphic file (type jpg)
<use logo (2) (1) (2).jpg>
Package pdftex.def Info: logo (2) (1) (2).jpg  used on input line 948.
(pdftex.def)             Requested size: 80.0pt x 39.96095pt.
File: fcefyn (2) (1) (2).png Graphic file (type png)
<use fcefyn (2) (1) (2).png>
Package pdftex.def Info: fcefyn (2) (1) (2).png  used on input line 948.
(pdftex.def)             Requested size: 80.0pt x 39.85336pt.
[33 <./recorrido.png (PNG copy)> <./hilos.png (PNG copy)>]

File: logo (2) (1) (2).jpg Graphic file (type jpg)
<use logo (2) (1) (2).jpg>
Package pdftex.def Info: logo (2) (1) (2).jpg  used on input line 948.
(pdftex.def)             Requested size: 80.0pt x 39.96095pt.
File: fcefyn (2) (1) (2).png Graphic file (type png)
<use fcefyn (2) (1) (2).png>
Package pdftex.def Info: fcefyn (2) (1) (2).png  used on input line 948.
(pdftex.def)             Requested size: 80.0pt x 39.85336pt.
[34 <./hojaruta.png (PNG copy)>]

File: logo (2) (1) (2).jpg Graphic file (type jpg)
<use logo (2) (1) (2).jpg>
Package pdftex.def Info: logo (2) (1) (2).jpg  used on input line 948.
(pdftex.def)             Requested size: 80.0pt x 39.96095pt.
File: fcefyn (2) (1) (2).png Graphic file (type png)
<use fcefyn (2) (1) (2).png>
Package pdftex.def Info: fcefyn (2) (1) (2).png  used on input line 948.
(pdftex.def)             Requested size: 80.0pt x 39.85336pt.
[35 <./hoja de proceso.png (PNG copy)>]

File: logo (2) (1) (2).jpg Graphic file (type jpg)
<use logo (2) (1) (2).jpg>
Package pdftex.def Info: logo (2) (1) (2).jpg  used on input line 948.
(pdftex.def)             Requested size: 80.0pt x 39.96095pt.
File: fcefyn (2) (1) (2).png Graphic file (type png)
<use fcefyn (2) (1) (2).png>
Package pdftex.def Info: fcefyn (2) (1) (2).png  used on input line 948.
(pdftex.def)             Requested size: 80.0pt x 39.85336pt.
[36 <./ficha de operacion.png (PNG copy)>]

File: logo (2) (1) (2).jpg Graphic file (type jpg)
<use logo (2) (1) (2).jpg>
Package pdftex.def Info: logo (2) (1) (2).jpg  used on input line 980.
(pdftex.def)             Requested size: 80.0pt x 39.96095pt.
File: fcefyn (2) (1) (2).png Graphic file (type png)
<use fcefyn (2) (1) (2).png>
Package pdftex.def Info: fcefyn (2) (1) (2).png  used on input line 980.
(pdftex.def)             Requested size: 80.0pt x 39.85336pt.
[37

]

File: logo (2) (1) (2).jpg Graphic file (type jpg)
<use logo (2) (1) (2).jpg>
Package pdftex.def Info: logo (2) (1) (2).jpg  used on input line 1005.
(pdftex.def)             Requested size: 80.0pt x 39.96095pt.
File: fcefyn (2) (1) (2).png Graphic file (type png)
<use fcefyn (2) (1) (2).png>
Package pdftex.def Info: fcefyn (2) (1) (2).png  used on input line 1005.
(pdftex.def)             Requested size: 80.0pt x 39.85336pt.
[38]
<ritmo tipo.png, id=758, 724.46268pt x 535.8556pt>
File: ritmo tipo.png Graphic file (type png)
<use ritmo tipo.png>
Package pdftex.def Info: ritmo tipo.png  used on input line 1019.
(pdftex.def)             Requested size: 398.4557pt x 294.7215pt.


File: logo (2) (1) (2).jpg Graphic file (type jpg)
<use logo (2) (1) (2).jpg>
Package pdftex.def Info: logo (2) (1) (2).jpg  used on input line 1025.
(pdftex.def)             Requested size: 80.0pt x 39.96095pt.
File: fcefyn (2) (1) (2).png Graphic file (type png)
<use fcefyn (2) (1) (2).png>
Package pdftex.def Info: fcefyn (2) (1) (2).png  used on input line 1025.
(pdftex.def)             Requested size: 80.0pt x 39.85336pt.
[39 <./ritmo tipo.png>]
<elemento.png, id=766, 343.2825pt x 154.32657pt>
File: elemento.png Graphic file (type png)
<use elemento.png>
Package pdftex.def Info: elemento.png  used on input line 1031.
(pdftex.def)             Requested size: 343.28165pt x 154.32617pt.


File: logo (2) (1) (2).jpg Graphic file (type jpg)
<use logo (2) (1) (2).jpg>
Package pdftex.def Info: logo (2) (1) (2).jpg  used on input line 1057.
(pdftex.def)             Requested size: 80.0pt x 39.96095pt.
File: fcefyn (2) (1) (2).png Graphic file (type png)
<use fcefyn (2) (1) (2).png>
Package pdftex.def Info: fcefyn (2) (1) (2).png  used on input line 1057.
(pdftex.def)             Requested size: 80.0pt x 39.85336pt.
[40 <./elemento.png>]
<desempeño uperior.png, id=782, 624.08156pt x 164.11313pt>
File: desempeño uperior.png Graphic file (type png)
<use desempeño uperior.png>
Package pdftex.def Info: desempeño uperior.png  used on input line 1060.
(pdftex.def)             Requested size: 374.45183pt x 98.46863pt.
<desempeño inf.png, id=783, 483.30562pt x 158.09062pt>
File: desempeño inf.png Graphic file (type png)
<use desempeño inf.png>
Package pdftex.def Info: desempeño inf.png  used on input line 1068.
(pdftex.def)             Requested size: 289.98561pt x 94.85509pt.
<suplementos.png, id=785, 1702.36pt x 2605.735pt>
File: suplementos.png Graphic file (type png)
<use suplementos.png>
Package pdftex.def Info: suplementos.png  used on input line 1084.
(pdftex.def)             Requested size: 374.52036pt x 573.26347pt.
<tiempo tipo.png, id=786, 522.45187pt x 322.95656pt>
File: tiempo tipo.png Graphic file (type png)
<use tiempo tipo.png>
Package pdftex.def Info: tiempo tipo.png  used on input line 1095.
(pdftex.def)             Requested size: 417.96207pt x 258.36559pt.


File: logo (2) (1) (2).jpg Graphic file (type jpg)
<use logo (2) (1) (2).jpg>
Package pdftex.def Info: logo (2) (1) (2).jpg  used on input line 1109.
(pdftex.def)             Requested size: 80.0pt x 39.96095pt.
File: fcefyn (2) (1) (2).png Graphic file (type png)
<use fcefyn (2) (1) (2).png>
Package pdftex.def Info: fcefyn (2) (1) (2).png  used on input line 1109.
(pdftex.def)             Requested size: 80.0pt x 39.85336pt.
[41 <./desempeño uperior.png> <./desempeño inf.png>]

File: logo (2) (1) (2).jpg Graphic file (type jpg)
<use logo (2) (1) (2).jpg>
Package pdftex.def Info: logo (2) (1) (2).jpg  used on input line 1110.
(pdftex.def)             Requested size: 80.0pt x 39.96095pt.
File: fcefyn (2) (1) (2).png Graphic file (type png)
<use fcefyn (2) (1) (2).png>
Package pdftex.def Info: fcefyn (2) (1) (2).png  used on input line 1110.
(pdftex.def)             Requested size: 80.0pt x 39.85336pt.
[42 <./suplementos.png (PNG copy)>]
<convergenica.png, id=804, 720.291pt x 354.123pt>
File: convergenica.png Graphic file (type png)
<use convergenica.png>
Package pdftex.def Info: convergenica.png  used on input line 1128.
(pdftex.def)             Requested size: 360.1446pt x 177.06105pt.


File: logo (2) (1) (2).jpg Graphic file (type jpg)
<use logo (2) (1) (2).jpg>
Package pdftex.def Info: logo (2) (1) (2).jpg  used on input line 1132.
(pdftex.def)             Requested size: 80.0pt x 39.96095pt.
File: fcefyn (2) (1) (2).png Graphic file (type png)
<use fcefyn (2) (1) (2).png>
Package pdftex.def Info: fcefyn (2) (1) (2).png  used on input line 1132.
(pdftex.def)             Requested size: 80.0pt x 39.85336pt.
[43{C:/Users/matia/AppData/Local/Programs/MiKTeX/fonts/enc/dvips/lm/lm-mathsy.enc} <./tiempo tipo.png>]

File: logo (2) (1) (2).jpg Graphic file (type jpg)
<use logo (2) (1) (2).jpg>
Package pdftex.def Info: logo (2) (1) (2).jpg  used on input line 1161.
(pdftex.def)             Requested size: 80.0pt x 39.96095pt.
File: fcefyn (2) (1) (2).png Graphic file (type png)
<use fcefyn (2) (1) (2).png>
Package pdftex.def Info: fcefyn (2) (1) (2).png  used on input line 1161.
(pdftex.def)             Requested size: 80.0pt x 39.85336pt.
[44 <./convergenica.png (PNG copy)>]
<movimientos.png, id=822, 697.734pt x 193.815pt>
File: movimientos.png Graphic file (type png)
<use movimientos.png>
Package pdftex.def Info: movimientos.png  used on input line 1178.
(pdftex.def)             Requested size: 453.52173pt x 125.97824pt.
<mtm.png, id=823, 642.90187pt x 380.17032pt>
File: mtm.png Graphic file (type png)
<use mtm.png>
Package pdftex.def Info: mtm.png  used on input line 1185.
(pdftex.def)             Requested size: 290.22107pt x 171.62035pt.


File: logo (2) (1) (2).jpg Graphic file (type jpg)
<use logo (2) (1) (2).jpg>
Package pdftex.def Info: logo (2) (1) (2).jpg  used on input line 1195.
(pdftex.def)             Requested size: 80.0pt x 39.96095pt.
File: fcefyn (2) (1) (2).png Graphic file (type png)
<use fcefyn (2) (1) (2).png>
Package pdftex.def Info: fcefyn (2) (1) (2).png  used on input line 1195.
(pdftex.def)             Requested size: 80.0pt x 39.85336pt.
[45 <./movimientos.png (PNG copy)> <./mtm.png>]
<tmu.png, id=836, 712.16063pt x 304.13625pt>
File: tmu.png Graphic file (type png)
<use tmu.png>
Package pdftex.def Info: tmu.png  used on input line 1211.
(pdftex.def)             Requested size: 241.84843pt x 103.28429pt.
<ejemplo mover 1.png, id=837, 1150.2975pt x 794.97pt>
File: ejemplo mover 1.png Graphic file (type png)
<use ejemplo mover 1.png>
Package pdftex.def Info: ejemplo mover 1.png  used on input line 1220.
(pdftex.def)             Requested size: 437.1176pt x 302.09174pt.
<ejemplo mover 2.png, id=838, 860.46469pt x 588.69937pt>
File: ejemplo mover 2.png Graphic file (type png)
<use ejemplo mover 2.png>
Package pdftex.def Info: ejemplo mover 2.png  used on input line 1226.
(pdftex.def)             Requested size: 430.2313pt x 294.34895pt.


File: logo (2) (1) (2).jpg Graphic file (type jpg)
<use logo (2) (1) (2).jpg>
Package pdftex.def Info: logo (2) (1) (2).jpg  used on input line 1229.
(pdftex.def)             Requested size: 80.0pt x 39.96095pt.
File: fcefyn (2) (1) (2).png Graphic file (type png)
<use fcefyn (2) (1) (2).png>
Package pdftex.def Info: fcefyn (2) (1) (2).png  used on input line 1229.
(pdftex.def)             Requested size: 80.0pt x 39.85336pt.
[46 <./tmu.png>]

File: logo (2) (1) (2).jpg Graphic file (type jpg)
<use logo (2) (1) (2).jpg>
Package pdftex.def Info: logo (2) (1) (2).jpg  used on input line 1229.
(pdftex.def)             Requested size: 80.0pt x 39.96095pt.
File: fcefyn (2) (1) (2).png Graphic file (type png)
<use fcefyn (2) (1) (2).png>
Package pdftex.def Info: fcefyn (2) (1) (2).png  used on input line 1229.
(pdftex.def)             Requested size: 80.0pt x 39.85336pt.
[47 <./ejemplo mover 1.png (PNG copy)> <./ejemplo mover 2.png>]
<mantenimiento.png, id=854, 630.85687pt x 335.75438pt>
File: mantenimiento.png Graphic file (type png)
<use mantenimiento.png>
Package pdftex.def Info: mantenimiento.png  used on input line 1262.
(pdftex.def)             Requested size: 296.50276pt x 157.80458pt.


File: logo (2) (1) (2).jpg Graphic file (type jpg)
<use logo (2) (1) (2).jpg>
Package pdftex.def Info: logo (2) (1) (2).jpg  used on input line 1269.
(pdftex.def)             Requested size: 80.0pt x 39.96095pt.
File: fcefyn (2) (1) (2).png Graphic file (type png)
<use fcefyn (2) (1) (2).png>
Package pdftex.def Info: fcefyn (2) (1) (2).png  used on input line 1269.
(pdftex.def)             Requested size: 80.0pt x 39.85336pt.
[48


 <./mantenimiento.png>]

File: logo (2) (1) (2).jpg Graphic file (type jpg)
<use logo (2) (1) (2).jpg>
Package pdftex.def Info: logo (2) (1) (2).jpg  used on input line 1321.
(pdftex.def)             Requested size: 80.0pt x 39.96095pt.
File: fcefyn (2) (1) (2).png Graphic file (type png)
<use fcefyn (2) (1) (2).png>
Package pdftex.def Info: fcefyn (2) (1) (2).png  used on input line 1321.
(pdftex.def)             Requested size: 80.0pt x 39.85336pt.
[49]

File: logo (2) (1) (2).jpg Graphic file (type jpg)
<use logo (2) (1) (2).jpg>
Package pdftex.def Info: logo (2) (1) (2).jpg  used on input line 1375.
(pdftex.def)             Requested size: 80.0pt x 39.96095pt.
File: fcefyn (2) (1) (2).png Graphic file (type png)
<use fcefyn (2) (1) (2).png>
Package pdftex.def Info: fcefyn (2) (1) (2).png  used on input line 1375.
(pdftex.def)             Requested size: 80.0pt x 39.85336pt.
[50]

File: logo (2) (1) (2).jpg Graphic file (type jpg)
<use logo (2) (1) (2).jpg>
Package pdftex.def Info: logo (2) (1) (2).jpg  used on input line 1422.
(pdftex.def)             Requested size: 80.0pt x 39.96095pt.
File: fcefyn (2) (1) (2).png Graphic file (type png)
<use fcefyn (2) (1) (2).png>
Package pdftex.def Info: fcefyn (2) (1) (2).png  used on input line 1422.
(pdftex.def)             Requested size: 80.0pt x 39.85336pt.
[51]

File: logo (2) (1) (2).jpg Graphic file (type jpg)
<use logo (2) (1) (2).jpg>
Package pdftex.def Info: logo (2) (1) (2).jpg  used on input line 1459.
(pdftex.def)             Requested size: 80.0pt x 39.96095pt.
File: fcefyn (2) (1) (2).png Graphic file (type png)
<use fcefyn (2) (1) (2).png>
Package pdftex.def Info: fcefyn (2) (1) (2).png  used on input line 1459.
(pdftex.def)             Requested size: 80.0pt x 39.85336pt.
[52]

File: logo (2) (1) (2).jpg Graphic file (type jpg)
<use logo (2) (1) (2).jpg>
Package pdftex.def Info: logo (2) (1) (2).jpg  used on input line 1507.
(pdftex.def)             Requested size: 80.0pt x 39.96095pt.
File: fcefyn (2) (1) (2).png Graphic file (type png)
<use fcefyn (2) (1) (2).png>
Package pdftex.def Info: fcefyn (2) (1) (2).png  used on input line 1507.
(pdftex.def)             Requested size: 80.0pt x 39.85336pt.
[53]

File: logo (2) (1) (2).jpg Graphic file (type jpg)
<use logo (2) (1) (2).jpg>
Package pdftex.def Info: logo (2) (1) (2).jpg  used on input line 1561.
(pdftex.def)             Requested size: 80.0pt x 39.96095pt.
File: fcefyn (2) (1) (2).png Graphic file (type png)
<use fcefyn (2) (1) (2).png>
Package pdftex.def Info: fcefyn (2) (1) (2).png  used on input line 1561.
(pdftex.def)             Requested size: 80.0pt x 39.85336pt.
[54]

File: logo (2) (1) (2).jpg Graphic file (type jpg)
<use logo (2) (1) (2).jpg>
Package pdftex.def Info: logo (2) (1) (2).jpg  used on input line 1608.
(pdftex.def)             Requested size: 80.0pt x 39.96095pt.
File: fcefyn (2) (1) (2).png Graphic file (type png)
<use fcefyn (2) (1) (2).png>
Package pdftex.def Info: fcefyn (2) (1) (2).png  used on input line 1608.
(pdftex.def)             Requested size: 80.0pt x 39.85336pt.
[55]

File: logo (2) (1) (2).jpg Graphic file (type jpg)
<use logo (2) (1) (2).jpg>
Package pdftex.def Info: logo (2) (1) (2).jpg  used on input line 1643.
(pdftex.def)             Requested size: 80.0pt x 39.96095pt.
File: fcefyn (2) (1) (2).png Graphic file (type png)
<use fcefyn (2) (1) (2).png>
Package pdftex.def Info: fcefyn (2) (1) (2).png  used on input line 1643.
(pdftex.def)             Requested size: 80.0pt x 39.85336pt.
[56]

File: logo (2) (1) (2).jpg Graphic file (type jpg)
<use logo (2) (1) (2).jpg>
Package pdftex.def Info: logo (2) (1) (2).jpg  used on input line 1683.
(pdftex.def)             Requested size: 80.0pt x 39.96095pt.
File: fcefyn (2) (1) (2).png Graphic file (type png)
<use fcefyn (2) (1) (2).png>
Package pdftex.def Info: fcefyn (2) (1) (2).png  used on input line 1683.
(pdftex.def)             Requested size: 80.0pt x 39.85336pt.
[57]
<davies.png, id=934, 333.245pt x 312.16624pt>
File: davies.png Graphic file (type png)
<use davies.png>
Package pdftex.def Info: davies.png  used on input line 1689.
(pdftex.def)             Requested size: 233.2699pt x 218.51488pt.


File: logo (2) (1) (2).jpg Graphic file (type jpg)
<use logo (2) (1) (2).jpg>
Package pdftex.def Info: logo (2) (1) (2).jpg  used on input line 1717.
(pdftex.def)             Requested size: 80.0pt x 39.96095pt.
File: fcefyn (2) (1) (2).png Graphic file (type png)
<use fcefyn (2) (1) (2).png>
Package pdftex.def Info: fcefyn (2) (1) (2).png  used on input line 1717.
(pdftex.def)             Requested size: 80.0pt x 39.85336pt.
[58 <./davies.png>]

File: logo (2) (1) (2).jpg Graphic file (type jpg)
<use logo (2) (1) (2).jpg>
Package pdftex.def Info: logo (2) (1) (2).jpg  used on input line 1752.
(pdftex.def)             Requested size: 80.0pt x 39.96095pt.
File: fcefyn (2) (1) (2).png Graphic file (type png)
<use fcefyn (2) (1) (2).png>
Package pdftex.def Info: fcefyn (2) (1) (2).png  used on input line 1752.
(pdftex.def)             Requested size: 80.0pt x 39.85336pt.
[59]
<5s.png, id=952, 478.78876pt x 479.7925pt>
File: 5s.png Graphic file (type png)
<use 5s.png>
Package pdftex.def Info: 5s.png  used on input line 1785.
(pdftex.def)             Requested size: 241.84843pt x 242.35551pt.


File: logo (2) (1) (2).jpg Graphic file (type jpg)
<use logo (2) (1) (2).jpg>
Package pdftex.def Info: logo (2) (1) (2).jpg  used on input line 1804.
(pdftex.def)             Requested size: 80.0pt x 39.96095pt.
File: fcefyn (2) (1) (2).png Graphic file (type png)
<use fcefyn (2) (1) (2).png>
Package pdftex.def Info: fcefyn (2) (1) (2).png  used on input line 1804.
(pdftex.def)             Requested size: 80.0pt x 39.85336pt.
[60]

File: logo (2) (1) (2).jpg Graphic file (type jpg)
<use logo (2) (1) (2).jpg>
Package pdftex.def Info: logo (2) (1) (2).jpg  used on input line 1822.
(pdftex.def)             Requested size: 80.0pt x 39.96095pt.
File: fcefyn (2) (1) (2).png Graphic file (type png)
<use fcefyn (2) (1) (2).png>
Package pdftex.def Info: fcefyn (2) (1) (2).png  used on input line 1822.
(pdftex.def)             Requested size: 80.0pt x 39.85336pt.
[61 <./5s.png (PNG copy)>]

File: logo (2) (1) (2).jpg Graphic file (type jpg)
<use logo (2) (1) (2).jpg>
Package pdftex.def Info: logo (2) (1) (2).jpg  used on input line 1866.
(pdftex.def)             Requested size: 80.0pt x 39.96095pt.
File: fcefyn (2) (1) (2).png Graphic file (type png)
<use fcefyn (2) (1) (2).png>
Package pdftex.def Info: fcefyn (2) (1) (2).png  used on input line 1866.
(pdftex.def)             Requested size: 80.0pt x 39.85336pt.
[62]

File: logo (2) (1) (2).jpg Graphic file (type jpg)
<use logo (2) (1) (2).jpg>
Package pdftex.def Info: logo (2) (1) (2).jpg  used on input line 1912.
(pdftex.def)             Requested size: 80.0pt x 39.96095pt.
File: fcefyn (2) (1) (2).png Graphic file (type png)
<use fcefyn (2) (1) (2).png>
Package pdftex.def Info: fcefyn (2) (1) (2).png  used on input line 1912.
(pdftex.def)             Requested size: 80.0pt x 39.85336pt.
[63]

File: logo (2) (1) (2).jpg Graphic file (type jpg)
<use logo (2) (1) (2).jpg>
Package pdftex.def Info: logo (2) (1) (2).jpg  used on input line 1960.
(pdftex.def)             Requested size: 80.0pt x 39.96095pt.
File: fcefyn (2) (1) (2).png Graphic file (type png)
<use fcefyn (2) (1) (2).png>
Package pdftex.def Info: fcefyn (2) (1) (2).png  used on input line 1960.
(pdftex.def)             Requested size: 80.0pt x 39.85336pt.
[64]

File: logo (2) (1) (2).jpg Graphic file (type jpg)
<use logo (2) (1) (2).jpg>
Package pdftex.def Info: logo (2) (1) (2).jpg  used on input line 2006.
(pdftex.def)             Requested size: 80.0pt x 39.96095pt.
File: fcefyn (2) (1) (2).png Graphic file (type png)
<use fcefyn (2) (1) (2).png>
Package pdftex.def Info: fcefyn (2) (1) (2).png  used on input line 2006.
(pdftex.def)             Requested size: 80.0pt x 39.85336pt.
[65]

File: logo (2) (1) (2).jpg Graphic file (type jpg)
<use logo (2) (1) (2).jpg>
Package pdftex.def Info: logo (2) (1) (2).jpg  used on input line 2048.
(pdftex.def)             Requested size: 80.0pt x 39.96095pt.
File: fcefyn (2) (1) (2).png Graphic file (type png)
<use fcefyn (2) (1) (2).png>
Package pdftex.def Info: fcefyn (2) (1) (2).png  used on input line 2048.
(pdftex.def)             Requested size: 80.0pt x 39.85336pt.
[66]
<riego persona.png, id=1014, 450.18187pt x 151.3153pt>
File: riego persona.png Graphic file (type png)
<use riego persona.png>
Package pdftex.def Info: riego persona.png  used on input line 2089.
(pdftex.def)             Requested size: 450.18077pt x 151.31493pt.
<factor personal.png, id=1015, 426.84468pt x 270.25969pt>
File: factor personal.png Graphic file (type png)
<use factor personal.png>
Package pdftex.def Info: factor personal.png  used on input line 2114.
(pdftex.def)             Requested size: 290.22107pt x 183.7659pt.


File: logo (2) (1) (2).jpg Graphic file (type jpg)
<use logo (2) (1) (2).jpg>
Package pdftex.def Info: logo (2) (1) (2).jpg  used on input line 2142.
(pdftex.def)             Requested size: 80.0pt x 39.96095pt.
File: fcefyn (2) (1) (2).png Graphic file (type png)
<use fcefyn (2) (1) (2).png>
Package pdftex.def Info: fcefyn (2) (1) (2).png  used on input line 2142.
(pdftex.def)             Requested size: 80.0pt x 39.85336pt.
[67]

File: logo (2) (1) (2).jpg Graphic file (type jpg)
<use logo (2) (1) (2).jpg>
Package pdftex.def Info: logo (2) (1) (2).jpg  used on input line 2143.
(pdftex.def)             Requested size: 80.0pt x 39.96095pt.
File: fcefyn (2) (1) (2).png Graphic file (type png)
<use fcefyn (2) (1) (2).png>
Package pdftex.def Info: fcefyn (2) (1) (2).png  used on input line 2143.
(pdftex.def)             Requested size: 80.0pt x 39.85336pt.
[68 <./riego persona.png> <./factor personal.png>]

File: logo (2) (1) (2).jpg Graphic file (type jpg)
<use logo (2) (1) (2).jpg>
Package pdftex.def Info: logo (2) (1) (2).jpg  used on input line 2175.
(pdftex.def)             Requested size: 80.0pt x 39.96095pt.
File: fcefyn (2) (1) (2).png Graphic file (type png)
<use fcefyn (2) (1) (2).png>
Package pdftex.def Info: fcefyn (2) (1) (2).png  used on input line 2175.
(pdftex.def)             Requested size: 80.0pt x 39.85336pt.
[69]
<planificar.png, id=1040, 446.41782pt x 222.07968pt>
File: planificar.png Graphic file (type png)
<use planificar.png>
Package pdftex.def Info: planificar.png  used on input line 2199.
(pdftex.def)             Requested size: 446.41672pt x 222.07913pt.


File: logo (2) (1) (2).jpg Graphic file (type jpg)
<use logo (2) (1) (2).jpg>
Package pdftex.def Info: logo (2) (1) (2).jpg  used on input line 2210.
(pdftex.def)             Requested size: 80.0pt x 39.96095pt.
File: fcefyn (2) (1) (2).png Graphic file (type png)
<use fcefyn (2) (1) (2).png>
Package pdftex.def Info: fcefyn (2) (1) (2).png  used on input line 2210.
(pdftex.def)             Requested size: 80.0pt x 39.85336pt.
[70

 <./planificar.png>]
<niveles.png, id=1048, 258.21469pt x 218.31563pt>
File: niveles.png Graphic file (type png)
<use niveles.png>
Package pdftex.def Info: niveles.png  used on input line 2232.
(pdftex.def)             Requested size: 258.21405pt x 218.31508pt.


File: logo (2) (1) (2).jpg Graphic file (type jpg)
<use logo (2) (1) (2).jpg>
Package pdftex.def Info: logo (2) (1) (2).jpg  used on input line 2246.
(pdftex.def)             Requested size: 80.0pt x 39.96095pt.
File: fcefyn (2) (1) (2).png Graphic file (type png)
<use fcefyn (2) (1) (2).png>
Package pdftex.def Info: fcefyn (2) (1) (2).png  used on input line 2246.
(pdftex.def)             Requested size: 80.0pt x 39.85336pt.
[71]

File: logo (2) (1) (2).jpg Graphic file (type jpg)
<use logo (2) (1) (2).jpg>
Package pdftex.def Info: logo (2) (1) (2).jpg  used on input line 2263.
(pdftex.def)             Requested size: 80.0pt x 39.96095pt.
File: fcefyn (2) (1) (2).png Graphic file (type png)
<use fcefyn (2) (1) (2).png>
Package pdftex.def Info: fcefyn (2) (1) (2).png  used on input line 2263.
(pdftex.def)             Requested size: 80.0pt x 39.85336pt.
[72 <./niveles.png>]
<jerarquia.png, id=1069, 599.99156pt x 405.01312pt>
File: jerarquia.png Graphic file (type png)
<use jerarquia.png>
Package pdftex.def Info: jerarquia.png  used on input line 2267.
(pdftex.def)             Requested size: 419.99123pt x 283.50723pt.


File: logo (2) (1) (2).jpg Graphic file (type jpg)
<use logo (2) (1) (2).jpg>
Package pdftex.def Info: logo (2) (1) (2).jpg  used on input line 2284.
(pdftex.def)             Requested size: 80.0pt x 39.96095pt.
File: fcefyn (2) (1) (2).png Graphic file (type png)
<use fcefyn (2) (1) (2).png>
Package pdftex.def Info: fcefyn (2) (1) (2).png  used on input line 2284.
(pdftex.def)             Requested size: 80.0pt x 39.85336pt.
[73 <./jerarquia.png>]

File: logo (2) (1) (2).jpg Graphic file (type jpg)
<use logo (2) (1) (2).jpg>
Package pdftex.def Info: logo (2) (1) (2).jpg  used on input line 2284.
(pdftex.def)             Requested size: 80.0pt x 39.96095pt.
File: fcefyn (2) (1) (2).png Graphic file (type png)
<use fcefyn (2) (1) (2).png>
Package pdftex.def Info: fcefyn (2) (1) (2).png  used on input line 2284.
(pdftex.def)             Requested size: 80.0pt x 39.85336pt.
[74]
<tctica.png, id=1084, 374.90062pt x 43.66313pt>
File: tctica.png Graphic file (type png)
<use tctica.png>
Package pdftex.def Info: tctica.png  used on input line 2290.
(pdftex.def)             Requested size: 299.9209pt x 34.93053pt.
<1.png, id=1085, 310.15875pt x 288.07625pt>
File: 1.png Graphic file (type png)
<use 1.png>
Package pdftex.def Info: 1.png  used on input line 2329.
(pdftex.def)             Requested size: 217.10963pt x 201.65198pt.


File: logo (2) (1) (2).jpg Graphic file (type jpg)
<use logo (2) (1) (2).jpg>
Package pdftex.def Info: logo (2) (1) (2).jpg  used on input line 2331.
(pdftex.def)             Requested size: 80.0pt x 39.96095pt.
File: fcefyn (2) (1) (2).png Graphic file (type png)
<use fcefyn (2) (1) (2).png>
Package pdftex.def Info: fcefyn (2) (1) (2).png  used on input line 2331.
(pdftex.def)             Requested size: 80.0pt x 39.85336pt.
[75

 <./tctica.png>]
<2.png, id=1092, 329.23pt x 304.13625pt>
File: 2.png Graphic file (type png)
<use 2.png>
Package pdftex.def Info: 2.png  used on input line 2335.
(pdftex.def)             Requested size: 230.45941pt x 212.8939pt.
<3.png, id=1093, 338.26375pt x 311.1625pt>
File: 3.png Graphic file (type png)
<use 3.png>
Package pdftex.def Info: 3.png  used on input line 2341.
(pdftex.def)             Requested size: 236.78299pt x 217.81226pt.


File: logo (2) (1) (2).jpg Graphic file (type jpg)
<use logo (2) (1) (2).jpg>
Package pdftex.def Info: logo (2) (1) (2).jpg  used on input line 2347.
(pdftex.def)             Requested size: 80.0pt x 39.96095pt.
File: fcefyn (2) (1) (2).png Graphic file (type png)
<use fcefyn (2) (1) (2).png>
Package pdftex.def Info: fcefyn (2) (1) (2).png  used on input line 2347.
(pdftex.def)             Requested size: 80.0pt x 39.85336pt.
[76 <./1.png (PNG copy)> <./2.png (PNG copy)>]
Overfull \hbox (6.93425pt too wide) in paragraph at lines 2356--2357
[]\T1/lmr/m/n/10.95 Las men-cio-na-das an-te-rior-men-te son las cl-si-cas. Ade-ms, po-de-mos men-cio-nar: sub-con-tra-ta-cin (outsour-
 []



File: logo (2) (1) (2).jpg Graphic file (type jpg)
<use logo (2) (1) (2).jpg>
Package pdftex.def Info: logo (2) (1) (2).jpg  used on input line 2372.
(pdftex.def)             Requested size: 80.0pt x 39.96095pt.
File: fcefyn (2) (1) (2).png Graphic file (type png)
<use fcefyn (2) (1) (2).png>
Package pdftex.def Info: fcefyn (2) (1) (2).png  used on input line 2372.
(pdftex.def)             Requested size: 80.0pt x 39.85336pt.
[77 <./3.png (PNG copy)>]
<estrategias.png, id=1111, 531.9875pt x 247.92625pt>
File: estrategias.png Graphic file (type png)
<use estrategias.png>
Package pdftex.def Info: estrategias.png  used on input line 2389.
(pdftex.def)             Requested size: 478.78433pt x 223.13156pt.
<ejemlo alcance.png, id=1112, 473.77pt x 298.11375pt>
File: ejemlo alcance.png Graphic file (type png)
<use ejemlo alcance.png>
Package pdftex.def Info: ejemlo alcance.png  used on input line 2396.
(pdftex.def)             Requested size: 473.76884pt x 298.11302pt.
<tablita.png, id=1113, 532.23843pt x 108.405pt>
File: tablita.png Graphic file (type png)
<use tablita.png>
Package pdftex.def Info: tablita.png  used on input line 2408.
(pdftex.def)             Requested size: 479.01015pt x 97.56358pt.


File: logo (2) (1) (2).jpg Graphic file (type jpg)
<use logo (2) (1) (2).jpg>
Package pdftex.def Info: logo (2) (1) (2).jpg  used on input line 2412.
(pdftex.def)             Requested size: 80.0pt x 39.96095pt.
File: fcefyn (2) (1) (2).png Graphic file (type png)
<use fcefyn (2) (1) (2).png>
Package pdftex.def Info: fcefyn (2) (1) (2).png  used on input line 2412.
(pdftex.def)             Requested size: 80.0pt x 39.85336pt.
[78 <./estrategias.png (PNG copy)>]

File: logo (2) (1) (2).jpg Graphic file (type jpg)
<use logo (2) (1) (2).jpg>
Package pdftex.def Info: logo (2) (1) (2).jpg  used on input line 2427.
(pdftex.def)             Requested size: 80.0pt x 39.96095pt.
File: fcefyn (2) (1) (2).png Graphic file (type png)
<use fcefyn (2) (1) (2).png>
Package pdftex.def Info: fcefyn (2) (1) (2).png  used on input line 2427.
(pdftex.def)             Requested size: 80.0pt x 39.85336pt.
[79 <./ejemlo alcance.png (PNG copy)> <./tablita.png>]

File: logo (2) (1) (2).jpg Graphic file (type jpg)
<use logo (2) (1) (2).jpg>
Package pdftex.def Info: logo (2) (1) (2).jpg  used on input line 2466.
(pdftex.def)             Requested size: 80.0pt x 39.96095pt.
File: fcefyn (2) (1) (2).png Graphic file (type png)
<use fcefyn (2) (1) (2).png>
Package pdftex.def Info: fcefyn (2) (1) (2).png  used on input line 2466.
(pdftex.def)             Requested size: 80.0pt x 39.85336pt.
[80]
<pmpcuadrooo.png, id=1140, 232.87pt x 217.81375pt>
File: pmpcuadrooo.png Graphic file (type png)
<use pmpcuadrooo.png>
Package pdftex.def Info: pmpcuadrooo.png  used on input line 2510.
(pdftex.def)             Requested size: 186.29623pt x 174.25122pt.


File: logo (2) (1) (2).jpg Graphic file (type jpg)
<use logo (2) (1) (2).jpg>
Package pdftex.def Info: logo (2) (1) (2).jpg  used on input line 2519.
(pdftex.def)             Requested size: 80.0pt x 39.96095pt.
File: fcefyn (2) (1) (2).png Graphic file (type png)
<use fcefyn (2) (1) (2).png>
Package pdftex.def Info: fcefyn (2) (1) (2).png  used on input line 2519.
(pdftex.def)             Requested size: 80.0pt x 39.85336pt.
[81]
<pmpcuadro.png, id=1146, 374.90062pt x 130.23656pt>
File: pmpcuadro.png Graphic file (type png)
<use pmpcuadro.png>
Package pdftex.def Info: pmpcuadro.png  used on input line 2532.
(pdftex.def)             Requested size: 241.84843pt x 84.01683pt.
<pmpej.png, id=1147, 610.28pt x 248.93pt>
File: pmpej.png Graphic file (type png)
<use pmpej.png>
Package pdftex.def Info: pmpej.png  used on input line 2538.
(pdftex.def)             Requested size: 362.77264pt x 147.97653pt.


File: logo (2) (1) (2).jpg Graphic file (type jpg)
<use logo (2) (1) (2).jpg>
Package pdftex.def Info: logo (2) (1) (2).jpg  used on input line 2543.
(pdftex.def)             Requested size: 80.0pt x 39.96095pt.
File: fcefyn (2) (1) (2).png Graphic file (type png)
<use fcefyn (2) (1) (2).png>
Package pdftex.def Info: fcefyn (2) (1) (2).png  used on input line 2543.
(pdftex.def)             Requested size: 80.0pt x 39.85336pt.
[82 <./pmpcuadrooo.png (PNG copy)> <./pmpcuadro.png>]

File: logo (2) (1) (2).jpg Graphic file (type jpg)
<use logo (2) (1) (2).jpg>
Package pdftex.def Info: logo (2) (1) (2).jpg  used on input line 2543.
(pdftex.def)             Requested size: 80.0pt x 39.96095pt.
File: fcefyn (2) (1) (2).png Graphic file (type png)
<use fcefyn (2) (1) (2).png>
Package pdftex.def Info: fcefyn (2) (1) (2).png  used on input line 2543.
(pdftex.def)             Requested size: 80.0pt x 39.85336pt.
[83 <./pmpej.png (PNG copy)>]
<mrp ejemplo.png, id=1161, 590.205pt x 294.34969pt>
File: mrp ejemplo.png Graphic file (type png)
<use mrp ejemplo.png>
Package pdftex.def Info: mrp ejemplo.png  used on input line 2568.
(pdftex.def)             Requested size: 362.77264pt x 180.9274pt.


File: logo (2) (1) (2).jpg Graphic file (type jpg)
<use logo (2) (1) (2).jpg>
Package pdftex.def Info: logo (2) (1) (2).jpg  used on input line 2570.
(pdftex.def)             Requested size: 80.0pt x 39.96095pt.
File: fcefyn (2) (1) (2).png Graphic file (type png)
<use fcefyn (2) (1) (2).png>
Package pdftex.def Info: fcefyn (2) (1) (2).png  used on input line 2570.
(pdftex.def)             Requested size: 80.0pt x 39.85336pt.
[84

 <./mrp ejemplo.png>]

File: logo (2) (1) (2).jpg Graphic file (type jpg)
<use logo (2) (1) (2).jpg>
Package pdftex.def Info: logo (2) (1) (2).jpg  used on input line 2624.
(pdftex.def)             Requested size: 80.0pt x 39.96095pt.
File: fcefyn (2) (1) (2).png Graphic file (type png)
<use fcefyn (2) (1) (2).png>
Package pdftex.def Info: fcefyn (2) (1) (2).png  used on input line 2624.
(pdftex.def)             Requested size: 80.0pt x 39.85336pt.
[85

]
<cuadro_do.png, id=1179, 622.325pt x 264.99pt>
File: cuadro_do.png Graphic file (type png)
<use cuadro_do.png>
Package pdftex.def Info: cuadro_do.png  used on input line 2627.
(pdftex.def)             Requested size: 373.39787pt x 158.99522pt.
<pasado-futuro.png, id=1180, 535.2497pt x 325.96782pt>
File: pasado-futuro.png Graphic file (type png)
<use pasado-futuro.png>
Package pdftex.def Info: pasado-futuro.png  used on input line 2640.
(pdftex.def)             Requested size: 362.77264pt x 220.93893pt.


File: logo (2) (1) (2).jpg Graphic file (type jpg)
<use logo (2) (1) (2).jpg>
Package pdftex.def Info: logo (2) (1) (2).jpg  used on input line 2644.
(pdftex.def)             Requested size: 80.0pt x 39.96095pt.
File: fcefyn (2) (1) (2).png Graphic file (type png)
<use fcefyn (2) (1) (2).png>
Package pdftex.def Info: fcefyn (2) (1) (2).png  used on input line 2644.
(pdftex.def)             Requested size: 80.0pt x 39.85336pt.
[86 <./cuadro_do.png (PNG copy)> <./pasado-futuro.png>]

File: logo (2) (1) (2).jpg Graphic file (type jpg)
<use logo (2) (1) (2).jpg>
Package pdftex.def Info: logo (2) (1) (2).jpg  used on input line 2677.
(pdftex.def)             Requested size: 80.0pt x 39.96095pt.
File: fcefyn (2) (1) (2).png Graphic file (type png)
<use fcefyn (2) (1) (2).png>
Package pdftex.def Info: fcefyn (2) (1) (2).png  used on input line 2677.
(pdftex.def)             Requested size: 80.0pt x 39.85336pt.
[87]
<transformacion.png, id=1193, 497.60907pt x 278.54062pt>
File: transformacion.png Graphic file (type png)
<use transformacion.png>
Package pdftex.def Info: transformacion.png  used on input line 2722.
(pdftex.def)             Requested size: 398.08778pt x 222.8328pt.


File: logo (2) (1) (2).jpg Graphic file (type jpg)
<use logo (2) (1) (2).jpg>
Package pdftex.def Info: logo (2) (1) (2).jpg  used on input line 2730.
(pdftex.def)             Requested size: 80.0pt x 39.96095pt.
File: fcefyn (2) (1) (2).png Graphic file (type png)
<use fcefyn (2) (1) (2).png>
Package pdftex.def Info: fcefyn (2) (1) (2).png  used on input line 2730.
(pdftex.def)             Requested size: 80.0pt x 39.85336pt.
[88]

File: logo (2) (1) (2).jpg Graphic file (type jpg)
<use logo (2) (1) (2).jpg>
Package pdftex.def Info: logo (2) (1) (2).jpg  used on input line 2748.
(pdftex.def)             Requested size: 80.0pt x 39.96095pt.
File: fcefyn (2) (1) (2).png Graphic file (type png)
<use fcefyn (2) (1) (2).png>
Package pdftex.def Info: fcefyn (2) (1) (2).png  used on input line 2748.
(pdftex.def)             Requested size: 80.0pt x 39.85336pt.
[89 <./transformacion.png>]

File: logo (2) (1) (2).jpg Graphic file (type jpg)
<use logo (2) (1) (2).jpg>
Package pdftex.def Info: logo (2) (1) (2).jpg  used on input line 2765.
(pdftex.def)             Requested size: 80.0pt x 39.96095pt.
File: fcefyn (2) (1) (2).png Graphic file (type png)
<use fcefyn (2) (1) (2).png>
Package pdftex.def Info: fcefyn (2) (1) (2).png  used on input line 2765.
(pdftex.def)             Requested size: 80.0pt x 39.85336pt.
[90]

File: logo (2) (1) (2).jpg Graphic file (type jpg)
<use logo (2) (1) (2).jpg>
Package pdftex.def Info: logo (2) (1) (2).jpg  used on input line 2792.
(pdftex.def)             Requested size: 80.0pt x 39.96095pt.
File: fcefyn (2) (1) (2).png Graphic file (type png)
<use fcefyn (2) (1) (2).png>
Package pdftex.def Info: fcefyn (2) (1) (2).png  used on input line 2792.
(pdftex.def)             Requested size: 80.0pt x 39.85336pt.
[91]

File: logo (2) (1) (2).jpg Graphic file (type jpg)
<use logo (2) (1) (2).jpg>
Package pdftex.def Info: logo (2) (1) (2).jpg  used on input line 2859.
(pdftex.def)             Requested size: 80.0pt x 39.96095pt.
File: fcefyn (2) (1) (2).png Graphic file (type png)
<use fcefyn (2) (1) (2).png>
Package pdftex.def Info: fcefyn (2) (1) (2).png  used on input line 2859.
(pdftex.def)             Requested size: 80.0pt x 39.85336pt.
[92]
<porter.png, id=1236, 490.08093pt x 81.30376pt>
File: porter.png Graphic file (type png)
<use porter.png>
Package pdftex.def Info: porter.png  used on input line 2871.
(pdftex.def)             Requested size: 392.06528pt x 65.04308pt.


File: logo (2) (1) (2).jpg Graphic file (type jpg)
<use logo (2) (1) (2).jpg>
Package pdftex.def Info: logo (2) (1) (2).jpg  used on input line 2895.
(pdftex.def)             Requested size: 80.0pt x 39.96095pt.
File: fcefyn (2) (1) (2).png Graphic file (type png)
<use fcefyn (2) (1) (2).png>
Package pdftex.def Info: fcefyn (2) (1) (2).png  used on input line 2895.
(pdftex.def)             Requested size: 80.0pt x 39.85336pt.
[93 <./porter.png>]

File: logo (2) (1) (2).jpg Graphic file (type jpg)
<use logo (2) (1) (2).jpg>
Package pdftex.def Info: logo (2) (1) (2).jpg  used on input line 2919.
(pdftex.def)             Requested size: 80.0pt x 39.96095pt.
File: fcefyn (2) (1) (2).png Graphic file (type png)
<use fcefyn (2) (1) (2).png>
Package pdftex.def Info: fcefyn (2) (1) (2).png  used on input line 2919.
(pdftex.def)             Requested size: 80.0pt x 39.85336pt.
[94]

File: logo (2) (1) (2).jpg Graphic file (type jpg)
<use logo (2) (1) (2).jpg>
Package pdftex.def Info: logo (2) (1) (2).jpg  used on input line 2985.
(pdftex.def)             Requested size: 80.0pt x 39.96095pt.
File: fcefyn (2) (1) (2).png Graphic file (type png)
<use fcefyn (2) (1) (2).png>
Package pdftex.def Info: fcefyn (2) (1) (2).png  used on input line 2985.
(pdftex.def)             Requested size: 80.0pt x 39.85336pt.
[95

]
<parametros de explotacion.png, id=1263, 347.79938pt x 186.6975pt>
File: parametros de explotacion.png Graphic file (type png)
<use parametros de explotacion.png>
Package pdftex.def Info: parametros de explotacion.png  used on input line 3005.
(pdftex.def)             Requested size: 241.84843pt x 129.82132pt.


File: logo (2) (1) (2).jpg Graphic file (type jpg)
<use logo (2) (1) (2).jpg>
Package pdftex.def Info: logo (2) (1) (2).jpg  used on input line 3017.
(pdftex.def)             Requested size: 80.0pt x 39.96095pt.
File: fcefyn (2) (1) (2).png Graphic file (type png)
<use fcefyn (2) (1) (2).png>
Package pdftex.def Info: fcefyn (2) (1) (2).png  used on input line 3017.
(pdftex.def)             Requested size: 80.0pt x 39.85336pt.
[96]
<image.png, id=1273, 293.59688pt x 170.88844pt>
File: image.png Graphic file (type png)
<use image.png>
Package pdftex.def Info: image.png  used on input line 3023.
(pdftex.def)             Requested size: 314.40001pt x 182.99744pt.


File: logo (2) (1) (2).jpg Graphic file (type jpg)
<use logo (2) (1) (2).jpg>
Package pdftex.def Info: logo (2) (1) (2).jpg  used on input line 3032.
(pdftex.def)             Requested size: 80.0pt x 39.96095pt.
File: fcefyn (2) (1) (2).png Graphic file (type png)
<use fcefyn (2) (1) (2).png>
Package pdftex.def Info: fcefyn (2) (1) (2).png  used on input line 3032.
(pdftex.def)             Requested size: 80.0pt x 39.85336pt.
[97 <./parametros de explotacion.png> <./image.png>]
<ejemplo1.png, id=1282, 488.57532pt x 115.18031pt>
File: ejemplo1.png Graphic file (type png)
<use ejemplo1.png>
Package pdftex.def Info: ejemplo1.png  used on input line 3047.
(pdftex.def)             Requested size: 439.71373pt x 103.6613pt.
File: image.png Graphic file (type png)
<use image.png>
Package pdftex.def Info: image.png  used on input line 3060.
(pdftex.def)             Requested size: 264.23473pt x 153.79816pt.


File: logo (2) (1) (2).jpg Graphic file (type jpg)
<use logo (2) (1) (2).jpg>
Package pdftex.def Info: logo (2) (1) (2).jpg  used on input line 3068.
(pdftex.def)             Requested size: 80.0pt x 39.96095pt.
File: fcefyn (2) (1) (2).png Graphic file (type png)
<use fcefyn (2) (1) (2).png>
Package pdftex.def Info: fcefyn (2) (1) (2).png  used on input line 3068.
(pdftex.def)             Requested size: 80.0pt x 39.85336pt.
[98 <./ejemplo1.png>]

File: logo (2) (1) (2).jpg Graphic file (type jpg)
<use logo (2) (1) (2).jpg>
Package pdftex.def Info: logo (2) (1) (2).jpg  used on input line 3112.
(pdftex.def)             Requested size: 80.0pt x 39.96095pt.
File: fcefyn (2) (1) (2).png Graphic file (type png)
<use fcefyn (2) (1) (2).png>
Package pdftex.def Info: fcefyn (2) (1) (2).png  used on input line 3112.
(pdftex.def)             Requested size: 80.0pt x 39.85336pt.
[99]

File: logo (2) (1) (2).jpg Graphic file (type jpg)
<use logo (2) (1) (2).jpg>
Package pdftex.def Info: logo (2) (1) (2).jpg  used on input line 3180.
(pdftex.def)             Requested size: 80.0pt x 39.96095pt.
File: fcefyn (2) (1) (2).png Graphic file (type png)
<use fcefyn (2) (1) (2).png>
Package pdftex.def Info: fcefyn (2) (1) (2).png  used on input line 3180.
(pdftex.def)             Requested size: 80.0pt x 39.85336pt.
[100]

File: logo (2) (1) (2).jpg Graphic file (type jpg)
<use logo (2) (1) (2).jpg>
Package pdftex.def Info: logo (2) (1) (2).jpg  used on input line 3209.
(pdftex.def)             Requested size: 80.0pt x 39.96095pt.
File: fcefyn (2) (1) (2).png Graphic file (type png)
<use fcefyn (2) (1) (2).png>
Package pdftex.def Info: fcefyn (2) (1) (2).png  used on input line 3209.
(pdftex.def)             Requested size: 80.0pt x 39.85336pt.
[101]

File: logo (2) (1) (2).jpg Graphic file (type jpg)
<use logo (2) (1) (2).jpg>
Package pdftex.def Info: logo (2) (1) (2).jpg  used on input line 3249.
(pdftex.def)             Requested size: 80.0pt x 39.96095pt.
File: fcefyn (2) (1) (2).png Graphic file (type png)
<use fcefyn (2) (1) (2).png>
Package pdftex.def Info: fcefyn (2) (1) (2).png  used on input line 3249.
(pdftex.def)             Requested size: 80.0pt x 39.85336pt.
[102]

File: logo (2) (1) (2).jpg Graphic file (type jpg)
<use logo (2) (1) (2).jpg>
Package pdftex.def Info: logo (2) (1) (2).jpg  used on input line 3267.
(pdftex.def)             Requested size: 80.0pt x 39.96095pt.
File: fcefyn (2) (1) (2).png Graphic file (type png)
<use fcefyn (2) (1) (2).png>
Package pdftex.def Info: fcefyn (2) (1) (2).png  used on input line 3267.
(pdftex.def)             Requested size: 80.0pt x 39.85336pt.
[103]

File: logo (2) (1) (2).jpg Graphic file (type jpg)
<use logo (2) (1) (2).jpg>
Package pdftex.def Info: logo (2) (1) (2).jpg  used on input line 3282.
(pdftex.def)             Requested size: 80.0pt x 39.96095pt.
File: fcefyn (2) (1) (2).png Graphic file (type png)
<use fcefyn (2) (1) (2).png>
Package pdftex.def Info: fcefyn (2) (1) (2).png  used on input line 3282.
(pdftex.def)             Requested size: 80.0pt x 39.85336pt.
[104]

File: logo (2) (1) (2).jpg Graphic file (type jpg)
<use logo (2) (1) (2).jpg>
Package pdftex.def Info: logo (2) (1) (2).jpg  used on input line 3288.
(pdftex.def)             Requested size: 80.0pt x 39.96095pt.
File: fcefyn (2) (1) (2).png Graphic file (type png)
<use fcefyn (2) (1) (2).png>
Package pdftex.def Info: fcefyn (2) (1) (2).png  used on input line 3288.
(pdftex.def)             Requested size: 80.0pt x 39.85336pt.
[105

] 
enddocument/afterlastpage (AED): lastpage setting LastPage.
(main.aux
LaTeX Info: Redefining \. on input line 11.
LaTeX Info: Redefining \% on input line 11.
)
 ***********
LaTeX2e <2024-11-01> patch level 2
L3 programming layer <2025-04-14>
 ***********
Package rerunfilecheck Info: File `main.out' has not changed.
(rerunfilecheck)             Checksum: 5AE1B5C83CCDE7674A567EEF70D6D0D0;19910.
 ) 
Here is how much of TeX's memory you used:
 20645 strings out of 469941
 393813 string characters out of 5469431
 777548 words of memory out of 5000000
 46725 multiletter control sequences out of 15000+600000
 698456 words of font info for 90 fonts, out of 8000000 for 9000
 1141 hyphenation exceptions out of 8191
 75i,18n,80p,984b,1371s stack positions out of 10000i,1000n,20000p,200000b,200000s
<C:/Users/matia/AppData/Local/Programs/MiKTeX/fonts/type1/public/lm/lmbx10.pfb><C:/Users/matia/AppData/Local/Programs/MiKTeX/fonts/type1/public/lm/lmbx12.pfb><C:/Users/matia/AppData/Local/Programs/MiKTeX/fonts/type1/public/lm/lmbxi10.pfb><C:/Users/matia/AppData/Local/Programs/MiKTeX/fonts/type1/public/lm/lmex10.pfb><C:/Users/matia/AppData/Local/Programs/MiKTeX/fonts/type1/public/lm/lmmi10.pfb><C:/Users/matia/AppData/Local/Programs/MiKTeX/fonts/type1/public/lm/lmmi8.pfb><C:/Users/matia/AppData/Local/Programs/MiKTeX/fonts/type1/public/lm/lmr10.pfb><C:/Users/matia/AppData/Local/Programs/MiKTeX/fonts/type1/public/lm/lmr12.pfb><C:/Users/matia/AppData/Local/Programs/MiKTeX/fonts/type1/public/lm/lmr6.pfb><C:/Users/matia/AppData/Local/Programs/MiKTeX/fonts/type1/public/lm/lmr8.pfb><C:/Users/matia/AppData/Local/Programs/MiKTeX/fonts/type1/public/lm/lmr9.pfb><C:/Users/matia/AppData/Local/Programs/MiKTeX/fonts/type1/public/lm/lmri10.pfb><C:/Users/matia/AppData/Local/Programs/MiKTeX/fonts/type1/public/lm/lmsy10.pfb><C:/Users/matia/AppData/Local/Programs/MiKTeX/fonts/type1/public/lm/lmsy8.pfb>
Output written on main.pdf (105 pages, 12852327 bytes).
PDF statistics:
 1504 PDF objects out of 1728 (max. 8388607)
 433 named destinations out of 1000 (max. 500000)
 1008 words of extra memory for PDF output out of 10000 (max. 10000000)

